{"meta": {"format": 3, "version": "7.14.0", "timestamp": "2026-05-16T14:18:42.256448", "branch_coverage": false, "show_contexts": false}, "files": {"backend\\__init__.py": {"executed_lines": [], "summary": {"covered_lines": 0, "num_statements": 0, "percent_covered": 100.0, "percent_covered_display": "100", "missing_lines": 0, "excluded_lines": 0, "percent_statements_covered": 100.0, "percent_statements_covered_display": "100"}, "missing_lines": [], "excluded_lines": [], "functions": {"": {"executed_lines": [], "summary": {"covered_lines": 0, "num_statements": 0, "percent_covered": 100.0, "percent_covered_display": "100", "missing_lines": 0, "excluded_lines": 0, "percent_statements_covered": 100.0, "percent_statements_covered_display": "100"}, "missing_lines": [], "excluded_lines": [], "start_line": 1}}, "classes": {"": {"executed_lines": [], "summary": {"covered_lines": 0, "num_statements": 0, "percent_covered": 100.0, "percent_covered_display": "100", "missing_lines": 0, "excluded_lines": 0, "percent_statements_covered": 100.0, "percent_statements_covered_display": "100"}, "missing_lines": [], "excluded_lines": [], "start_line": 1}}}, "backend\\auth.py": {"executed_lines": [16, 18, 19, 20, 21, 22, 23, 25, 26, 27, 28, 30, 35, 36, 39, 41, 42, 43, 46, 59, 60, 61, 67, 96, 97, 102, 104, 107, 108, 109, 116, 123, 124, 125, 135, 138, 139, 140, 157, 160, 161, 166, 167, 168, 171, 172, 176, 179], "summary": {"covered_lines": 48, "num_statements": 77, "percent_covered": 62.33766233766234, "percent_covered_display": "62", "missing_lines": 29, "excluded_lines": 0, "percent_statements_covered": 62.33766233766234, "percent_statements_covered_display": "62"}, "missing_lines": [62, 69, 70, 75, 76, 77, 78, 81, 82, 83, 84, 85, 86, 87, 93, 110, 111, 147, 148, 149, 154, 169, 174, 182, 183, 184, 185, 186, 187], "excluded_lines": [], "functions": {"_load_secret": {"executed_lines": [59, 60, 61, 67], "summary": {"covered_lines": 4, "num_statements": 19, "percent_covered": 21.05263157894737, "percent_covered_display": "21", "missing_lines": 15, "excluded_lines": 0, "percent_statements_covered": 21.05263157894737, "percent_statements_covered_display": "21"}, "missing_lines": [62, 69, 70, 75, 76, 77, 78, 81, 82, 83, 84, 85, 86, 87, 93], "excluded_lines": [], "start_line": 46}, "hash_password": {"executed_lines": [104], "summary": {"covered_lines": 1, "num_statements": 1, "percent_covered": 100.0, "percent_covered_display": "100", "missing_lines": 0, "excluded_lines": 0, "percent_statements_covered": 100.0, "percent_statements_covered_display": "100"}, "missing_lines": [], "excluded_lines": [], "start_line": 102}, "verify_password": {"executed_lines": [108, 109], "summary": {"covered_lines": 2, "num_statements": 4, "percent_covered": 50.0, "percent_covered_display": "50", "missing_lines": 2, "excluded_lines": 0, "percent_statements_covered": 50.0, "percent_statements_covered_display": "50"}, "missing_lines": [110, 111], "excluded_lines": [], "start_line": 107}, "create_access_token": {"executed_lines": [123, 124, 125, 135], "summary": {"covered_lines": 4, "num_statements": 4, "percent_covered": 100.0, "percent_covered_display": "100", "missing_lines": 0, "excluded_lines": 0, "percent_statements_covered": 100.0, "percent_statements_covered_display": "100"}, "missing_lines": [], "excluded_lines": [], "start_line": 116}, "decode_access_token": {"executed_lines": [139, 140], "summary": {"covered_lines": 2, "num_statements": 6, "percent_covered": 33.333333333333336, "percent_covered_display": "33", "missing_lines": 4, "excluded_lines": 0, "percent_statements_covered": 33.333333333333336, "percent_statements_covered_display": "33"}, "missing_lines": [147, 148, 149, 154], "excluded_lines": [], "start_line": 138}, "get_current_user": {"executed_lines": [160, 161, 166, 167, 168, 171, 172, 176], "summary": {"covered_lines": 8, "num_statements": 10, "percent_covered": 80.0, "percent_covered_display": "80", "missing_lines": 2, "excluded_lines": 0, "percent_statements_covered": 80.0, "percent_statements_covered_display": "80"}, "missing_lines": [169, 174], "excluded_lines": [], "start_line": 157}, "get_optional_user": {"executed_lines": [], "summary": {"covered_lines": 0, "num_statements": 6, "percent_covered": 0.0, "percent_covered_display": "0", "missing_lines": 6, "excluded_lines": 0, "percent_statements_covered": 0.0, "percent_statements_covered_display": "0"}, "missing_lines": [182, 183, 184, 185, 186, 187], "excluded_lines": [], "start_line": 179}, "": {"executed_lines": [16, 18, 19, 20, 21, 22, 23, 25, 26, 27, 28, 30, 35, 36, 39, 41, 42, 43, 46, 96, 97, 102, 107, 116, 138, 157, 179], "summary": {"covered_lines": 27, "num_statements": 27, "percent_covered": 100.0, "percent_covered_display": "100", "missing_lines": 0, "excluded_lines": 0, "percent_statements_covered": 100.0, "percent_statements_covered_display": "100"}, "missing_lines": [], "excluded_lines": [], "start_line": 1}}, "classes": {"": {"executed_lines": [16, 18, 19, 20, 21, 22, 23, 25, 26, 27, 28, 30, 35, 36, 39, 41, 42, 43, 46, 59, 60, 61, 67, 96, 97, 102, 104, 107, 108, 109, 116, 123, 124, 125, 135, 138, 139, 140, 157, 160, 161, 166, 167, 168, 171, 172, 176, 179], "summary": {"covered_lines": 48, "num_statements": 77, "percent_covered": 62.33766233766234, "percent_covered_display": "62", "missing_lines": 29, "excluded_lines": 0, "percent_statements_covered": 62.33766233766234, "percent_statements_covered_display": "62"}, "missing_lines": [62, 69, 70, 75, 76, 77, 78, 81, 82, 83, 84, 85, 86, 87, 93, 110, 111, 147, 148, 149, 154, 169, 174, 182, 183, 184, 185, 186, 187], "excluded_lines": [], "start_line": 1}}}, "backend\\database\\__init__.py": {"executed_lines": [], "summary": {"covered_lines": 0, "num_statements": 0, "percent_covered": 100.0, "percent_covered_display": "100", "missing_lines": 0, "excluded_lines": 0, "percent_statements_covered": 100.0, "percent_statements_covered_display": "100"}, "missing_lines": [], "excluded_lines": [], "functions": {"": {"executed_lines": [], "summary": {"covered_lines": 0, "num_statements": 0, "percent_covered": 100.0, "percent_covered_display": "100", "missing_lines": 0, "excluded_lines": 0, "percent_statements_covered": 100.0, "percent_statements_covered_display": "100"}, "missing_lines": [], "excluded_lines": [], "start_line": 1}}, "classes": {"": {"executed_lines": [], "summary": {"covered_lines": 0, "num_statements": 0, "percent_covered": 100.0, "percent_covered_display": "100", "missing_lines": 0, "excluded_lines": 0, "percent_statements_covered": 100.0, "percent_statements_covered_display": "100"}, "missing_lines": [], "excluded_lines": [], "start_line": 1}}}, "backend\\database\\db_manager.py": {"executed_lines": [1, 2, 3, 4, 5, 6, 12, 14, 17, 26, 32, 58, 64, 66, 68, 72, 90, 92, 94, 96, 98, 100, 106, 110, 114, 116, 122, 162, 270, 296, 322, 324, 326, 336, 342, 344, 350, 352, 358, 360, 366, 368, 374, 376, 382, 384, 392, 394, 396, 404, 412, 420, 432, 436, 444, 448, 462, 472, 480, 490, 498, 506, 514, 516, 522, 530, 538, 546, 550, 552, 558, 562, 566, 576, 600, 612, 640, 670, 672, 674, 678, 682, 686, 692, 718, 744, 752, 760, 768, 776, 784, 794, 816, 824, 850, 860, 900, 922, 930, 938, 972, 980, 1008, 1016, 1044, 1052, 1090, 1100, 1102, 1110, 1116, 1118, 1122, 1124, 1134, 1136, 1138, 1140, 1150, 1164, 1166, 1170, 1178, 1182, 1184, 1186, 1188, 1192, 1194, 1198, 1202, 1204, 1208, 1216, 1220, 1230, 1232, 1236, 1240, 1242, 1246, 1248, 1252, 1254, 1256, 1258, 1268, 1272, 1274, 1278, 1288, 1290, 1294, 1378, 1404, 1496, 1590, 1630, 1660, 1694, 1750, 1816, 1868, 1976, 2150, 2300, 2358, 2360, 2408, 2410, 2436, 2438, 2466, 2492, 2518, 2520, 2528, 2576, 2800, 2855, 2857, 2863, 2865, 2869, 3148, 3261, 3349, 3383, 3431, 3527, 3571, 3607, 3631, 3713, 3855, 3879, 3915, 3963, 3998, 4030, 4045, 4054, 4093, 4122, 4160, 4185, 4206, 4234, 4259, 4279, 4298, 4363, 4474, 4778, 4812, 4978, 5014, 5072, 5116, 5196, 5228, 5268, 5334, 5392, 5432, 5526, 5600, 5602, 5622, 5716, 5776, 5848, 5926, 6016, 6104, 6106, 6126, 6176, 6304, 6404, 6458, 6492, 6558, 6670, 6710, 6816, 6852, 6990, 7086, 7160, 7202, 7238, 7320, 7372, 7454, 7506, 7534, 7546, 7548, 7550, 7556, 7558, 7560, 7564, 7568, 7602, 7632, 7676, 7680, 7682, 7684, 7690, 7692, 7694, 7698, 7700, 7702, 7718, 7782, 7786, 7788, 7790, 7800, 7802, 7806, 7838], "summary": {"covered_lines": 286, "num_statements": 1954, "percent_covered": 14.636642784032754, "percent_covered_display": "15", "missing_lines": 1668, "excluded_lines": 0, "percent_statements_covered": 14.636642784032754, "percent_statements_covered_display": "15"}, "missing_lines": [19, 20, 21, 22, 48, 50, 52, 102, 104, 398, 406, 414, 426, 434, 438, 446, 456, 466, 474, 484, 492, 500, 508, 524, 532, 540, 548, 560, 564, 568, 676, 680, 684, 688, 1142, 1144, 1146, 1222, 1224, 1226, 1262, 1264, 1304, 1306, 1310, 1312, 1316, 1318, 1320, 1322, 1324, 1326, 1328, 1330, 1332, 1334, 1336, 1338, 1340, 1342, 1344, 1348, 1350, 1352, 1356, 1358, 1362, 1364, 1368, 1370, 1374, 1380, 1382, 1384, 1386, 1388, 1424, 1426, 1428, 1430, 1432, 1434, 1436, 1438, 1440, 1442, 1444, 1446, 1448, 1450, 1452, 1454, 1456, 1458, 1460, 1462, 1464, 1466, 1468, 1470, 1472, 1474, 1476, 1478, 1486, 1488, 1490, 1492, 1498, 1500, 1502, 1520, 1522, 1524, 1526, 1528, 1536, 1544, 1546, 1548, 1550, 1552, 1566, 1568, 1576, 1578, 1580, 1582, 1584, 1586, 1592, 1594, 1596, 1598, 1614, 1616, 1618, 1620, 1622, 1624, 1626, 1632, 1634, 1636, 1644, 1646, 1648, 1650, 1652, 1654, 1656, 1662, 1664, 1666, 1668, 1670, 1678, 1686, 1688, 1690, 1700, 1702, 1704, 1706, 1708, 1710, 1712, 1714, 1728, 1730, 1732, 1740, 1742, 1744, 1746, 1768, 1770, 1772, 1774, 1776, 1778, 1780, 1782, 1784, 1786, 1788, 1790, 1792, 1794, 1796, 1804, 1806, 1808, 1810, 1812, 1818, 1820, 1822, 1824, 1826, 1828, 1836, 1844, 1846, 1854, 1856, 1858, 1860, 1896, 1898, 1900, 1904, 1906, 1908, 1910, 1912, 1914, 1916, 1922, 1924, 1926, 1928, 1930, 1932, 1934, 1936, 1940, 1964, 1966, 1968, 1972, 2022, 2024, 2026, 2030, 2032, 2034, 2036, 2038, 2040, 2042, 2044, 2046, 2048, 2050, 2052, 2054, 2056, 2058, 2060, 2062, 2064, 2066, 2068, 2140, 2142, 2144, 2146, 2186, 2188, 2190, 2194, 2196, 2198, 2200, 2202, 2204, 2206, 2208, 2210, 2212, 2214, 2216, 2220, 2222, 2226, 2288, 2290, 2292, 2296, 2308, 2310, 2312, 2314, 2316, 2318, 2336, 2338, 2340, 2342, 2344, 2346, 2348, 2350, 2352, 2354, 2372, 2374, 2376, 2378, 2380, 2382, 2386, 2390, 2392, 2394, 2396, 2398, 2400, 2404, 2412, 2414, 2416, 2418, 2420, 2426, 2428, 2432, 2440, 2442, 2444, 2446, 2448, 2450, 2452, 2456, 2458, 2460, 2462, 2470, 2472, 2474, 2482, 2484, 2486, 2488, 2496, 2498, 2500, 2508, 2510, 2512, 2514, 2522, 2524, 2530, 2532, 2534, 2554, 2556, 2558, 2560, 2562, 2564, 2566, 2568, 2570, 2572, 2584, 2586, 2588, 2590, 2592, 2608, 2610, 2612, 2614, 2616, 2618, 2620, 2622, 2624, 2626, 2628, 2630, 2634, 2636, 2638, 2640, 2642, 2644, 2646, 2648, 2658, 2670, 2672, 2674, 2746, 2750, 2752, 2756, 2758, 2760, 2762, 2764, 2780, 2782, 2784, 2786, 2788, 2790, 2792, 2883, 2885, 2887, 2889, 2891, 2893, 2895, 2897, 2899, 2901, 2903, 2905, 2907, 2909, 2911, 2913, 2915, 2916, 2918, 2920, 2922, 2924, 2926, 2928, 2930, 2932, 2934, 2936, 2938, 2940, 2942, 2944, 2946, 2948, 2950, 2952, 2954, 2956, 2958, 2960, 2962, 2964, 2966, 2968, 2970, 2972, 2974, 2976, 2978, 2980, 2982, 2984, 2986, 2988, 2990, 2992, 2994, 2996, 2998, 3000, 3002, 3004, 3006, 3008, 3010, 3012, 3014, 3016, 3018, 3020, 3022, 3024, 3028, 3030, 3034, 3038, 3040, 3044, 3046, 3050, 3058, 3060, 3062, 3064, 3068, 3070, 3072, 3074, 3078, 3080, 3082, 3084, 3086, 3088, 3090, 3092, 3096, 3098, 3100, 3102, 3104, 3108, 3110, 3112, 3114, 3118, 3120, 3122, 3126, 3128, 3130, 3138, 3140, 3142, 3144, 3166, 3168, 3172, 3174, 3178, 3180, 3182, 3186, 3188, 3190, 3192, 3196, 3198, 3200, 3204, 3206, 3208, 3212, 3216, 3218, 3222, 3224, 3226, 3228, 3229, 3230, 3231, 3232, 3233, 3235, 3237, 3239, 3241, 3243, 3245, 3247, 3249, 3251, 3255, 3257, 3275, 3277, 3279, 3283, 3285, 3307, 3309, 3311, 3313, 3315, 3317, 3339, 3341, 3343, 3345, 3351, 3353, 3355, 3357, 3359, 3377, 3379, 3385, 3409, 3411, 3413, 3415, 3417, 3419, 3421, 3423, 3425, 3427, 3437, 3439, 3441, 3443, 3445, 3455, 3457, 3467, 3469, 3479, 3509, 3511, 3523, 3529, 3531, 3533, 3535, 3537, 3539, 3541, 3543, 3545, 3567, 3573, 3575, 3577, 3579, 3581, 3583, 3585, 3597, 3599, 3601, 3603, 3609, 3611, 3613, 3621, 3623, 3625, 3627, 3653, 3655, 3657, 3659, 3661, 3679, 3681, 3683, 3691, 3693, 3695, 3697, 3699, 3701, 3703, 3705, 3707, 3709, 3729, 3751, 3753, 3755, 3757, 3759, 3761, 3763, 3765, 3769, 3773, 3775, 3777, 3785, 3787, 3789, 3793, 3795, 3797, 3799, 3801, 3809, 3811, 3813, 3815, 3817, 3825, 3827, 3829, 3831, 3833, 3837, 3845, 3847, 3849, 3851, 3857, 3859, 3861, 3869, 3871, 3873, 3875, 3881, 3883, 3885, 3907, 3909, 3911, 3921, 3923, 3925, 3949, 3957, 3959, 3964, 3965, 3966, 3967, 3968, 3969, 3980, 3981, 3982, 3983, 3984, 3985, 3986, 3987, 3988, 3989, 3990, 3991, 3992, 3993, 3994, 3995, 3996, 4009, 4010, 4011, 4018, 4019, 4020, 4024, 4025, 4026, 4027, 4028, 4031, 4032, 4033, 4041, 4042, 4043, 4046, 4047, 4048, 4049, 4050, 4051, 4052, 4062, 4063, 4064, 4065, 4066, 4067, 4068, 4069, 4070, 4071, 4072, 4073, 4074, 4075, 4079, 4080, 4081, 4082, 4083, 4087, 4088, 4089, 4090, 4091, 4096, 4097, 4098, 4099, 4100, 4101, 4102, 4112, 4116, 4117, 4118, 4119, 4120, 4123, 4124, 4125, 4135, 4136, 4137, 4138, 4139, 4140, 4151, 4152, 4156, 4157, 4158, 4163, 4164, 4165, 4166, 4167, 4168, 4169, 4170, 4171, 4172, 4181, 4182, 4183, 4186, 4187, 4188, 4189, 4190, 4191, 4192, 4202, 4203, 4204, 4207, 4208, 4209, 4219, 4220, 4221, 4222, 4223, 4224, 4225, 4226, 4227, 4228, 4229, 4230, 4231, 4232, 4235, 4236, 4237, 4248, 4249, 4250, 4251, 4252, 4253, 4254, 4255, 4256, 4257, 4260, 4261, 4262, 4275, 4276, 4277, 4280, 4281, 4282, 4283, 4284, 4285, 4286, 4287, 4288, 4289, 4290, 4291, 4295, 4296, 4299, 4300, 4301, 4302, 4316, 4317, 4326, 4342, 4343, 4344, 4345, 4346, 4347, 4348, 4349, 4350, 4351, 4352, 4360, 4361, 4367, 4369, 4373, 4375, 4379, 4381, 4383, 4384, 4385, 4386, 4387, 4388, 4390, 4392, 4394, 4396, 4398, 4400, 4402, 4404, 4406, 4412, 4414, 4418, 4424, 4426, 4428, 4432, 4438, 4440, 4442, 4446, 4452, 4462, 4464, 4468, 4470, 4482, 4484, 4488, 4504, 4508, 4510, 4512, 4516, 4518, 4520, 4522, 4524, 4528, 4530, 4532, 4536, 4538, 4540, 4544, 4546, 4548, 4550, 4552, 4554, 4556, 4558, 4560, 4562, 4564, 4566, 4568, 4574, 4575, 4576, 4578, 4586, 4588, 4590, 4594, 4598, 4602, 4604, 4606, 4608, 4610, 4612, 4614, 4616, 4617, 4621, 4623, 4625, 4626, 4630, 4632, 4634, 4638, 4640, 4642, 4644, 4646, 4648, 4650, 4654, 4656, 4660, 4662, 4664, 4668, 4670, 4672, 4674, 4678, 4682, 4692, 4694, 4696, 4698, 4699, 4703, 4705, 4707, 4711, 4713, 4715, 4717, 4718, 4722, 4724, 4725, 4729, 4731, 4733, 4737, 4739, 4741, 4743, 4744, 4748, 4750, 4752, 4756, 4758, 4762, 4764, 4768, 4770, 4774, 4782, 4784, 4790, 4796, 4798, 4802, 4804, 4808, 4816, 4818, 4824, 4830, 4838, 4844, 4856, 4862, 4870, 4876, 4890, 4896, 4906, 4910, 4912, 4942, 4944, 4946, 4948, 4950, 4954, 4958, 4984, 4986, 4988, 5006, 5008, 5010, 5016, 5018, 5020, 5022, 5024, 5038, 5040, 5042, 5044, 5046, 5052, 5066, 5068, 5088, 5090, 5092, 5110, 5112, 5122, 5124, 5126, 5146, 5148, 5150, 5152, 5154, 5156, 5158, 5160, 5162, 5166, 5168, 5170, 5172, 5174, 5176, 5178, 5180, 5182, 5200, 5202, 5206, 5210, 5212, 5214, 5216, 5218, 5220, 5224, 5234, 5240, 5246, 5248, 5252, 5258, 5262, 5264, 5272, 5274, 5278, 5290, 5294, 5296, 5298, 5300, 5302, 5306, 5318, 5328, 5330, 5338, 5340, 5344, 5370, 5372, 5374, 5376, 5378, 5380, 5382, 5386, 5388, 5396, 5398, 5402, 5404, 5408, 5410, 5412, 5416, 5418, 5424, 5426, 5428, 5452, 5454, 5458, 5460, 5464, 5472, 5474, 5476, 5478, 5480, 5484, 5486, 5490, 5516, 5518, 5520, 5522, 5530, 5532, 5536, 5544, 5546, 5548, 5550, 5554, 5570, 5572, 5574, 5576, 5656, 5658, 5662, 5664, 5668, 5670, 5672, 5674, 5678, 5706, 5708, 5710, 5712, 5720, 5722, 5726, 5742, 5746, 5748, 5750, 5752, 5754, 5756, 5758, 5760, 5762, 5764, 5766, 5770, 5772, 5790, 5792, 5796, 5804, 5806, 5808, 5810, 5814, 5838, 5840, 5842, 5844, 5858, 5860, 5862, 5864, 5866, 5868, 5872, 5874, 5876, 5880, 5882, 5886, 5894, 5896, 5898, 5900, 5904, 5906, 5908, 5916, 5918, 5920, 5922, 5930, 5932, 5936, 5944, 5946, 5948, 5950, 5952, 5954, 5956, 5962, 5972, 5974, 5976, 5980, 5990, 5996, 6008, 6010, 6012, 6020, 6022, 6026, 6054, 6056, 6058, 6060, 6062, 6064, 6066, 6068, 6074, 6076, 6078, 6082, 6086, 6110, 6130, 6132, 6134, 6136, 6138, 6140, 6142, 6168, 6170, 6172, 6180, 6182, 6184, 6194, 6196, 6198, 6200, 6202, 6206, 6216, 6220, 6228, 6232, 6242, 6246, 6248, 6250, 6252, 6256, 6274, 6276, 6278, 6280, 6282, 6284, 6286, 6288, 6292, 6294, 6296, 6298, 6300, 6308, 6310, 6314, 6316, 6320, 6322, 6324, 6326, 6330, 6346, 6348, 6350, 6352, 6354, 6356, 6360, 6362, 6372, 6374, 6376, 6378, 6380, 6384, 6394, 6396, 6398, 6400, 6412, 6414, 6416, 6424, 6426, 6428, 6430, 6434, 6436, 6448, 6450, 6452, 6454, 6462, 6464, 6466, 6482, 6484, 6486, 6488, 6496, 6498, 6500, 6530, 6532, 6534, 6562, 6564, 6566, 6588, 6590, 6592, 6616, 6638, 6640, 6642, 6664, 6666, 6672, 6674, 6676, 6678, 6680, 6698, 6700, 6702, 6732, 6734, 6736, 6738, 6776, 6784, 6786, 6788, 6808, 6810, 6812, 6818, 6820, 6822, 6824, 6826, 6828, 6830, 6836, 6838, 6840, 6842, 6844, 6846, 6848, 6856, 6858, 6860, 6864, 6874, 6876, 6898, 6900, 6902, 6904, 6906, 6910, 6912, 6914, 6916, 6926, 6928, 6942, 6946, 6958, 6960, 6962, 6972, 6976, 6984, 6986, 6994, 6996, 6998, 7022, 7024, 7026, 7028, 7030, 7032, 7048, 7050, 7070, 7072, 7074, 7078, 7080, 7082, 7094, 7096, 7098, 7100, 7102, 7104, 7106, 7108, 7142, 7144, 7146, 7148, 7150, 7152, 7154, 7156, 7168, 7170, 7172, 7174, 7176, 7186, 7188, 7190, 7192, 7194, 7196, 7198, 7206, 7208, 7210, 7212, 7214, 7216, 7218, 7220, 7222, 7224, 7226, 7228, 7230, 7232, 7234, 7246, 7248, 7250, 7252, 7254, 7256, 7258, 7260, 7262, 7264, 7266, 7268, 7270, 7272, 7276, 7286, 7288, 7290, 7296, 7300, 7310, 7312, 7314, 7316, 7326, 7328, 7330, 7332, 7334, 7336, 7338, 7340, 7342, 7344, 7346, 7348, 7350, 7352, 7354, 7362, 7364, 7366, 7368, 7378, 7380, 7382, 7384, 7386, 7388, 7390, 7392, 7394, 7396, 7398, 7400, 7422, 7424, 7426, 7448, 7450, 7458, 7460, 7462, 7480, 7482, 7484, 7486, 7488, 7490, 7492, 7494, 7496, 7498, 7500, 7502, 7508, 7510, 7512, 7520, 7522, 7524, 7526, 7562, 7578, 7580, 7582, 7592, 7594, 7596, 7598, 7612, 7614, 7616, 7624, 7626, 7628, 7644, 7646, 7648, 7664, 7666, 7668, 7696, 7704, 7706, 7708, 7710, 7712, 7714, 7734, 7736, 7738, 7740, 7746, 7748, 7750, 7752, 7754, 7756, 7758, 7760, 7766, 7776, 7778, 7816, 7818, 7820, 7828, 7830, 7832, 7834, 7842, 7844, 7848, 7862, 7864, 7878, 7882, 7884, 7886, 7888], "excluded_lines": [], "functions": {"_resolve_db_path": {"executed_lines": [], "summary": {"covered_lines": 0, "num_statements": 4, "percent_covered": 0.0, "percent_covered_display": "0", "missing_lines": 4, "excluded_lines": 0, "percent_statements_covered": 0.0, "percent_statements_covered_display": "0"}, "missing_lines": [19, 20, 21, 22], "excluded_lines": [], "start_line": 17}, "get_db": {"executed_lines": [], "summary": {"covered_lines": 0, "num_statements": 3, "percent_covered": 0.0, "percent_covered_display": "0", "missing_lines": 3, "excluded_lines": 0, "percent_statements_covered": 0.0, "percent_statements_covered_display": "0"}, "missing_lines": [48, 50, 52], "excluded_lines": [], "start_line": 32}, "DatabaseManager.__init__": {"executed_lines": [66, 68], "summary": {"covered_lines": 2, "num_statements": 2, "percent_covered": 100.0, "percent_covered_display": "100", "missing_lines": 0, "excluded_lines": 0, "percent_statements_covered": 100.0, "percent_statements_covered_display": "100"}, "missing_lines": [], "excluded_lines": [], "start_line": 64}, "DatabaseManager.get_connection": {"executed_lines": [90, 92, 94, 96, 98, 100, 106], "summary": {"covered_lines": 7, "num_statements": 9, "percent_covered": 77.77777777777777, "percent_covered_display": "78", "missing_lines": 2, "excluded_lines": 0, "percent_statements_covered": 77.77777777777777, "percent_statements_covered_display": "78"}, "missing_lines": [102, 104], "excluded_lines": [], "start_line": 72}, "DatabaseManager.init_database": {"executed_lines": [114, 116, 122, 162, 270, 296, 322, 324, 326, 336, 342, 344, 350, 352, 358, 360, 366, 368, 374, 376, 382, 384, 392, 394, 396, 404, 412, 420, 432, 436, 444, 448, 462, 472, 480, 490, 498, 506, 514, 516, 522, 530, 538, 546, 550, 552, 558, 562, 566, 576, 600, 612, 640, 670, 672, 674, 678, 682, 686, 692, 718, 744, 752, 760, 768, 776, 784, 794, 816, 824, 850, 860, 900, 922, 930, 938, 972, 980, 1008, 1016, 1044, 1052, 1090, 1100, 1102], "summary": {"covered_lines": 85, "num_statements": 110, "percent_covered": 77.27272727272727, "percent_covered_display": "77", "missing_lines": 25, "excluded_lines": 0, "percent_statements_covered": 77.27272727272727, "percent_statements_covered_display": "77"}, "missing_lines": [398, 406, 414, 426, 434, 438, 446, 456, 466, 474, 484, 492, 500, 508, 524, 532, 540, 548, 560, 564, 568, 676, 680, 684, 688], "excluded_lines": [], "start_line": 110}, "DatabaseManager.create_user": {"executed_lines": [1116, 1118, 1122, 1124, 1134, 1136, 1138, 1140], "summary": {"covered_lines": 8, "num_statements": 11, "percent_covered": 72.72727272727273, "percent_covered_display": "73", "missing_lines": 3, "excluded_lines": 0, "percent_statements_covered": 72.72727272727273, "percent_statements_covered_display": "73"}, "missing_lines": [1142, 1144, 1146], "excluded_lines": [], "start_line": 1110}, "DatabaseManager.get_user_by_username": {"executed_lines": [1164, 1166, 1170, 1178, 1182, 1184, 1186, 1188, 1192, 1194], "summary": {"covered_lines": 10, "num_statements": 10, "percent_covered": 100.0, "percent_covered_display": "100", "missing_lines": 0, "excluded_lines": 0, "percent_statements_covered": 100.0, "percent_statements_covered_display": "100"}, "missing_lines": [], "excluded_lines": [], "start_line": 1150}, "DatabaseManager.get_user_by_email": {"executed_lines": [1202, 1204, 1208, 1216, 1220, 1230, 1232], "summary": {"covered_lines": 7, "num_statements": 10, "percent_covered": 70.0, "percent_covered_display": "70", "missing_lines": 3, "excluded_lines": 0, "percent_statements_covered": 70.0, "percent_statements_covered_display": "70"}, "missing_lines": [1222, 1224, 1226], "excluded_lines": [], "start_line": 1198}, "DatabaseManager.get_user_by_id": {"executed_lines": [1240, 1242, 1246, 1248, 1252, 1254, 1256, 1258], "summary": {"covered_lines": 8, "num_statements": 10, "percent_covered": 80.0, "percent_covered_display": "80", "missing_lines": 2, "excluded_lines": 0, "percent_statements_covered": 80.0, "percent_statements_covered_display": "80"}, "missing_lines": [1262, 1264], "excluded_lines": [], "start_line": 1236}, "DatabaseManager.update_last_login": {"executed_lines": [1272, 1274, 1278, 1288, 1290], "summary": {"covered_lines": 5, "num_statements": 5, "percent_covered": 100.0, "percent_covered_display": "100", "missing_lines": 0, "excluded_lines": 0, "percent_statements_covered": 100.0, "percent_statements_covered_display": "100"}, "missing_lines": [], "excluded_lines": [], "start_line": 1268}, "DatabaseManager.update_user_profile": {"executed_lines": [], "summary": {"covered_lines": 0, "num_statements": 29, "percent_covered": 0.0, "percent_covered_display": "0", "missing_lines": 29, "excluded_lines": 0, "percent_statements_covered": 0.0, "percent_statements_covered_display": "0"}, "missing_lines": [1304, 1306, 1310, 1312, 1316, 1318, 1320, 1322, 1324, 1326, 1328, 1330, 1332, 1334, 1336, 1338, 1340, 1342, 1344, 1348, 1350, 1352, 1356, 1358, 1362, 1364, 1368, 1370, 1374], "excluded_lines": [], "start_line": 1294}, "DatabaseManager.get_user_settings": {"executed_lines": [], "summary": {"covered_lines": 0, "num_statements": 5, "percent_covered": 0.0, "percent_covered_display": "0", "missing_lines": 5, "excluded_lines": 0, "percent_statements_covered": 0.0, "percent_statements_covered_display": "0"}, "missing_lines": [1380, 1382, 1384, 1386, 1388], "excluded_lines": [], "start_line": 1378}, "DatabaseManager.update_user_settings": {"executed_lines": [], "summary": {"covered_lines": 0, "num_statements": 32, "percent_covered": 0.0, "percent_covered_display": "0", "missing_lines": 32, "excluded_lines": 0, "percent_statements_covered": 0.0, "percent_statements_covered_display": "0"}, "missing_lines": [1424, 1426, 1428, 1430, 1432, 1434, 1436, 1438, 1440, 1442, 1444, 1446, 1448, 1450, 1452, 1454, 1456, 1458, 1460, 1462, 1464, 1466, 1468, 1470, 1472, 1474, 1476, 1478, 1486, 1488, 1490, 1492], "excluded_lines": [], "start_line": 1404}, "DatabaseManager.ensure_default_closet_location": {"executed_lines": [], "summary": {"covered_lines": 0, "num_statements": 22, "percent_covered": 0.0, "percent_covered_display": "0", "missing_lines": 22, "excluded_lines": 0, "percent_statements_covered": 0.0, "percent_statements_covered_display": "0"}, "missing_lines": [1498, 1500, 1502, 1520, 1522, 1524, 1526, 1528, 1536, 1544, 1546, 1548, 1550, 1552, 1566, 1568, 1576, 1578, 1580, 1582, 1584, 1586], "excluded_lines": [], "start_line": 1496}, "DatabaseManager.list_closet_locations": {"executed_lines": [], "summary": {"covered_lines": 0, "num_statements": 11, "percent_covered": 0.0, "percent_covered_display": "0", "missing_lines": 11, "excluded_lines": 0, "percent_statements_covered": 0.0, "percent_statements_covered_display": "0"}, "missing_lines": [1592, 1594, 1596, 1598, 1614, 1616, 1618, 1620, 1622, 1624, 1626], "excluded_lines": [], "start_line": 1590}, "DatabaseManager.get_closet_location": {"executed_lines": [], "summary": {"covered_lines": 0, "num_statements": 10, "percent_covered": 0.0, "percent_covered_display": "0", "missing_lines": 10, "excluded_lines": 0, "percent_statements_covered": 0.0, "percent_statements_covered_display": "0"}, "missing_lines": [1632, 1634, 1636, 1644, 1646, 1648, 1650, 1652, 1654, 1656], "excluded_lines": [], "start_line": 1630}, "DatabaseManager.set_default_closet_location": {"executed_lines": [], "summary": {"covered_lines": 0, "num_statements": 9, "percent_covered": 0.0, "percent_covered_display": "0", "missing_lines": 9, "excluded_lines": 0, "percent_statements_covered": 0.0, "percent_statements_covered_display": "0"}, "missing_lines": [1662, 1664, 1666, 1668, 1670, 1678, 1686, 1688, 1690], "excluded_lines": [], "start_line": 1660}, "DatabaseManager.create_closet_location": {"executed_lines": [], "summary": {"covered_lines": 0, "num_statements": 15, "percent_covered": 0.0, "percent_covered_display": "0", "missing_lines": 15, "excluded_lines": 0, "percent_statements_covered": 0.0, "percent_statements_covered_display": "0"}, "missing_lines": [1700, 1702, 1704, 1706, 1708, 1710, 1712, 1714, 1728, 1730, 1732, 1740, 1742, 1744, 1746], "excluded_lines": [], "start_line": 1694}, "DatabaseManager.update_closet_location": {"executed_lines": [], "summary": {"covered_lines": 0, "num_statements": 20, "percent_covered": 0.0, "percent_covered_display": "0", "missing_lines": 20, "excluded_lines": 0, "percent_statements_covered": 0.0, "percent_statements_covered_display": "0"}, "missing_lines": [1768, 1770, 1772, 1774, 1776, 1778, 1780, 1782, 1784, 1786, 1788, 1790, 1792, 1794, 1796, 1804, 1806, 1808, 1810, 1812], "excluded_lines": [], "start_line": 1750}, "DatabaseManager.delete_closet_location": {"executed_lines": [], "summary": {"covered_lines": 0, "num_statements": 13, "percent_covered": 0.0, "percent_covered_display": "0", "missing_lines": 13, "excluded_lines": 0, "percent_statements_covered": 0.0, "percent_statements_covered_display": "0"}, "missing_lines": [1818, 1820, 1822, 1824, 1826, 1828, 1836, 1844, 1846, 1854, 1856, 1858, 1860], "excluded_lines": [], "start_line": 1816}, "DatabaseManager.add_clothing_item": {"executed_lines": [], "summary": {"covered_lines": 0, "num_statements": 23, "percent_covered": 0.0, "percent_covered_display": "0", "missing_lines": 23, "excluded_lines": 0, "percent_statements_covered": 0.0, "percent_statements_covered_display": "0"}, "missing_lines": [1896, 1898, 1900, 1904, 1906, 1908, 1910, 1912, 1914, 1916, 1922, 1924, 1926, 1928, 1930, 1932, 1934, 1936, 1940, 1964, 1966, 1968, 1972], "excluded_lines": [], "start_line": 1868}, "DatabaseManager.add_imported_clothing_item": {"executed_lines": [], "summary": {"covered_lines": 0, "num_statements": 27, "percent_covered": 0.0, "percent_covered_display": "0", "missing_lines": 27, "excluded_lines": 0, "percent_statements_covered": 0.0, "percent_statements_covered_display": "0"}, "missing_lines": [2022, 2024, 2026, 2030, 2032, 2034, 2036, 2038, 2040, 2042, 2044, 2046, 2048, 2050, 2052, 2054, 2056, 2058, 2060, 2062, 2064, 2066, 2068, 2140, 2142, 2144, 2146], "excluded_lines": [], "start_line": 1976}, "DatabaseManager.add_bulk_clothing_item": {"executed_lines": [], "summary": {"covered_lines": 0, "num_statements": 22, "percent_covered": 0.0, "percent_covered_display": "0", "missing_lines": 22, "excluded_lines": 0, "percent_statements_covered": 0.0, "percent_statements_covered_display": "0"}, "missing_lines": [2186, 2188, 2190, 2194, 2196, 2198, 2200, 2202, 2204, 2206, 2208, 2210, 2212, 2214, 2216, 2220, 2222, 2226, 2288, 2290, 2292, 2296], "excluded_lines": [], "start_line": 2150}, "DatabaseManager.count_owned_similar_by_category_color": {"executed_lines": [], "summary": {"covered_lines": 0, "num_statements": 16, "percent_covered": 0.0, "percent_covered_display": "0", "missing_lines": 16, "excluded_lines": 0, "percent_statements_covered": 0.0, "percent_statements_covered_display": "0"}, "missing_lines": [2308, 2310, 2312, 2314, 2316, 2318, 2336, 2338, 2340, 2342, 2344, 2346, 2348, 2350, 2352, 2354], "excluded_lines": [], "start_line": 2300}, "DatabaseManager._decode_image_paths": {"executed_lines": [], "summary": {"covered_lines": 0, "num_statements": 14, "percent_covered": 0.0, "percent_covered_display": "0", "missing_lines": 14, "excluded_lines": 0, "percent_statements_covered": 0.0, "percent_statements_covered_display": "0"}, "missing_lines": [2372, 2374, 2376, 2378, 2380, 2382, 2386, 2390, 2392, 2394, 2396, 2398, 2400, 2404], "excluded_lines": [], "start_line": 2360}, "DatabaseManager._decode_user_tags": {"executed_lines": [], "summary": {"covered_lines": 0, "num_statements": 8, "percent_covered": 0.0, "percent_covered_display": "0", "missing_lines": 8, "excluded_lines": 0, "percent_statements_covered": 0.0, "percent_statements_covered_display": "0"}, "missing_lines": [2412, 2414, 2416, 2418, 2420, 2426, 2428, 2432], "excluded_lines": [], "start_line": 2410}, "DatabaseManager._normalize_bulk_fields": {"executed_lines": [], "summary": {"covered_lines": 0, "num_statements": 11, "percent_covered": 0.0, "percent_covered_display": "0", "missing_lines": 11, "excluded_lines": 0, "percent_statements_covered": 0.0, "percent_statements_covered_display": "0"}, "missing_lines": [2440, 2442, 2444, 2446, 2448, 2450, 2452, 2456, 2458, 2460, 2462], "excluded_lines": [], "start_line": 2438}, "DatabaseManager.set_thumbnail_path": {"executed_lines": [], "summary": {"covered_lines": 0, "num_statements": 7, "percent_covered": 0.0, "percent_covered_display": "0", "missing_lines": 7, "excluded_lines": 0, "percent_statements_covered": 0.0, "percent_statements_covered_display": "0"}, "missing_lines": [2470, 2472, 2474, 2482, 2484, 2486, 2488], "excluded_lines": [], "start_line": 2466}, "DatabaseManager.set_clip_embedding": {"executed_lines": [], "summary": {"covered_lines": 0, "num_statements": 7, "percent_covered": 0.0, "percent_covered_display": "0", "missing_lines": 7, "excluded_lines": 0, "percent_statements_covered": 0.0, "percent_statements_covered_display": "0"}, "missing_lines": [2496, 2498, 2500, 2508, 2510, 2512, 2514], "excluded_lines": [], "start_line": 2492}, "DatabaseManager._strip_clip_embedding_public": {"executed_lines": [], "summary": {"covered_lines": 0, "num_statements": 2, "percent_covered": 0.0, "percent_covered_display": "0", "missing_lines": 2, "excluded_lines": 0, "percent_statements_covered": 0.0, "percent_statements_covered_display": "0"}, "missing_lines": [2522, 2524], "excluded_lines": [], "start_line": 2520}, "DatabaseManager.list_owned_clip_embeddings": {"executed_lines": [], "summary": {"covered_lines": 0, "num_statements": 13, "percent_covered": 0.0, "percent_covered_display": "0", "missing_lines": 13, "excluded_lines": 0, "percent_statements_covered": 0.0, "percent_statements_covered_display": "0"}, "missing_lines": [2530, 2532, 2534, 2554, 2556, 2558, 2560, 2562, 2564, 2566, 2568, 2570, 2572], "excluded_lines": [], "start_line": 2528}, "DatabaseManager.promote_bulk_to_individuals": {"executed_lines": [], "summary": {"covered_lines": 0, "num_statements": 44, "percent_covered": 0.0, "percent_covered_display": "0", "missing_lines": 44, "excluded_lines": 0, "percent_statements_covered": 0.0, "percent_statements_covered_display": "0"}, "missing_lines": [2584, 2586, 2588, 2590, 2592, 2608, 2610, 2612, 2614, 2616, 2618, 2620, 2622, 2624, 2626, 2628, 2630, 2634, 2636, 2638, 2640, 2642, 2644, 2646, 2648, 2658, 2670, 2672, 2674, 2746, 2750, 2752, 2756, 2758, 2760, 2762, 2764, 2780, 2782, 2784, 2786, 2788, 2790, 2792], "excluded_lines": [], "start_line": 2576}, "DatabaseManager.update_item_details": {"executed_lines": [], "summary": {"covered_lines": 0, "num_statements": 115, "percent_covered": 0.0, "percent_covered_display": "0", "missing_lines": 115, "excluded_lines": 0, "percent_statements_covered": 0.0, "percent_statements_covered_display": "0"}, "missing_lines": [2883, 2885, 2887, 2889, 2891, 2893, 2895, 2897, 2899, 2901, 2903, 2905, 2907, 2909, 2911, 2913, 2915, 2916, 2918, 2920, 2922, 2924, 2926, 2928, 2930, 2932, 2934, 2936, 2938, 2940, 2942, 2944, 2946, 2948, 2950, 2952, 2954, 2956, 2958, 2960, 2962, 2964, 2966, 2968, 2970, 2972, 2974, 2976, 2978, 2980, 2982, 2984, 2986, 2988, 2990, 2992, 2994, 2996, 2998, 3000, 3002, 3004, 3006, 3008, 3010, 3012, 3014, 3016, 3018, 3020, 3022, 3024, 3028, 3030, 3034, 3038, 3040, 3044, 3046, 3050, 3058, 3060, 3062, 3064, 3068, 3070, 3072, 3074, 3078, 3080, 3082, 3084, 3086, 3088, 3090, 3092, 3096, 3098, 3100, 3102, 3104, 3108, 3110, 3112, 3114, 3118, 3120, 3122, 3126, 3128, 3130, 3138, 3140, 3142, 3144], "excluded_lines": [], "start_line": 2869}, "DatabaseManager.get_all_items": {"executed_lines": [], "summary": {"covered_lines": 0, "num_statements": 40, "percent_covered": 0.0, "percent_covered_display": "0", "missing_lines": 40, "excluded_lines": 0, "percent_statements_covered": 0.0, "percent_statements_covered_display": "0"}, "missing_lines": [3166, 3168, 3172, 3174, 3178, 3180, 3182, 3186, 3188, 3190, 3192, 3196, 3198, 3200, 3204, 3206, 3208, 3212, 3216, 3218, 3222, 3224, 3226, 3228, 3229, 3230, 3231, 3232, 3233, 3235, 3237, 3239, 3241, 3243, 3245, 3247, 3249, 3251, 3255, 3257], "excluded_lines": [], "start_line": 3148}, "DatabaseManager.set_packed_for_trip_bulk": {"executed_lines": [], "summary": {"covered_lines": 0, "num_statements": 15, "percent_covered": 0.0, "percent_covered_display": "0", "missing_lines": 15, "excluded_lines": 0, "percent_statements_covered": 0.0, "percent_statements_covered_display": "0"}, "missing_lines": [3275, 3277, 3279, 3283, 3285, 3307, 3309, 3311, 3313, 3315, 3317, 3339, 3341, 3343, 3345], "excluded_lines": [], "start_line": 3261}, "DatabaseManager._owned_item_ids": {"executed_lines": [], "summary": {"covered_lines": 0, "num_statements": 7, "percent_covered": 0.0, "percent_covered_display": "0", "missing_lines": 7, "excluded_lines": 0, "percent_statements_covered": 0.0, "percent_statements_covered_display": "0"}, "missing_lines": [3351, 3353, 3355, 3357, 3359, 3377, 3379], "excluded_lines": [], "start_line": 3349}, "DatabaseManager._planned_item_refs": {"executed_lines": [], "summary": {"covered_lines": 0, "num_statements": 11, "percent_covered": 0.0, "percent_covered_display": "0", "missing_lines": 11, "excluded_lines": 0, "percent_statements_covered": 0.0, "percent_statements_covered_display": "0"}, "missing_lines": [3385, 3409, 3411, 3413, 3415, 3417, 3419, 3421, 3423, 3425, 3427], "excluded_lines": [], "start_line": 3383}, "DatabaseManager._planned_outfit_conflicts": {"executed_lines": [], "summary": {"covered_lines": 0, "num_statements": 13, "percent_covered": 0.0, "percent_covered_display": "0", "missing_lines": 13, "excluded_lines": 0, "percent_statements_covered": 0.0, "percent_statements_covered_display": "0"}, "missing_lines": [3437, 3439, 3441, 3443, 3445, 3455, 3457, 3467, 3469, 3479, 3509, 3511, 3523], "excluded_lines": [], "start_line": 3431}, "DatabaseManager._planned_outfit_dict": {"executed_lines": [], "summary": {"covered_lines": 0, "num_statements": 10, "percent_covered": 0.0, "percent_covered_display": "0", "missing_lines": 10, "excluded_lines": 0, "percent_statements_covered": 0.0, "percent_statements_covered_display": "0"}, "missing_lines": [3529, 3531, 3533, 3535, 3537, 3539, 3541, 3543, 3545, 3567], "excluded_lines": [], "start_line": 3527}, "DatabaseManager.list_planned_outfits": {"executed_lines": [], "summary": {"covered_lines": 0, "num_statements": 11, "percent_covered": 0.0, "percent_covered_display": "0", "missing_lines": 11, "excluded_lines": 0, "percent_statements_covered": 0.0, "percent_statements_covered_display": "0"}, "missing_lines": [3573, 3575, 3577, 3579, 3581, 3583, 3585, 3597, 3599, 3601, 3603], "excluded_lines": [], "start_line": 3571}, "DatabaseManager.get_planned_outfit": {"executed_lines": [], "summary": {"covered_lines": 0, "num_statements": 7, "percent_covered": 0.0, "percent_covered_display": "0", "missing_lines": 7, "excluded_lines": 0, "percent_statements_covered": 0.0, "percent_statements_covered_display": "0"}, "missing_lines": [3609, 3611, 3613, 3621, 3623, 3625, 3627], "excluded_lines": [], "start_line": 3607}, "DatabaseManager.create_planned_outfit": {"executed_lines": [], "summary": {"covered_lines": 0, "num_statements": 18, "percent_covered": 0.0, "percent_covered_display": "0", "missing_lines": 18, "excluded_lines": 0, "percent_statements_covered": 0.0, "percent_statements_covered_display": "0"}, "missing_lines": [3653, 3655, 3657, 3659, 3661, 3679, 3681, 3683, 3691, 3693, 3695, 3697, 3699, 3701, 3703, 3705, 3707, 3709], "excluded_lines": [], "start_line": 3631}, "DatabaseManager.update_planned_outfit": {"executed_lines": [], "summary": {"covered_lines": 0, "num_statements": 36, "percent_covered": 0.0, "percent_covered_display": "0", "missing_lines": 36, "excluded_lines": 0, "percent_statements_covered": 0.0, "percent_statements_covered_display": "0"}, "missing_lines": [3729, 3751, 3753, 3755, 3757, 3759, 3761, 3763, 3765, 3769, 3773, 3775, 3777, 3785, 3787, 3789, 3793, 3795, 3797, 3799, 3801, 3809, 3811, 3813, 3815, 3817, 3825, 3827, 3829, 3831, 3833, 3837, 3845, 3847, 3849, 3851], "excluded_lines": [], "start_line": 3713}, "DatabaseManager.delete_planned_outfit": {"executed_lines": [], "summary": {"covered_lines": 0, "num_statements": 7, "percent_covered": 0.0, "percent_covered_display": "0", "missing_lines": 7, "excluded_lines": 0, "percent_statements_covered": 0.0, "percent_statements_covered_display": "0"}, "missing_lines": [3857, 3859, 3861, 3869, 3871, 3873, 3875], "excluded_lines": [], "start_line": 3855}, "DatabaseManager.get_reserved_item_ids": {"executed_lines": [], "summary": {"covered_lines": 0, "num_statements": 6, "percent_covered": 0.0, "percent_covered_display": "0", "missing_lines": 6, "excluded_lines": 0, "percent_statements_covered": 0.0, "percent_statements_covered_display": "0"}, "missing_lines": [3881, 3883, 3885, 3907, 3909, 3911], "excluded_lines": [], "start_line": 3879}, "DatabaseManager.get_ai_stylist_planning_context": {"executed_lines": [], "summary": {"covered_lines": 0, "num_statements": 6, "percent_covered": 0.0, "percent_covered_display": "0", "missing_lines": 6, "excluded_lines": 0, "percent_statements_covered": 0.0, "percent_statements_covered_display": "0"}, "missing_lines": [3921, 3923, 3925, 3949, 3957, 3959], "excluded_lines": [], "start_line": 3915}, "DatabaseManager._trip_dict": {"executed_lines": [], "summary": {"covered_lines": 0, "num_statements": 23, "percent_covered": 0.0, "percent_covered_display": "0", "missing_lines": 23, "excluded_lines": 0, "percent_statements_covered": 0.0, "percent_statements_covered_display": "0"}, "missing_lines": [3964, 3965, 3966, 3967, 3968, 3969, 3980, 3981, 3982, 3983, 3984, 3985, 3986, 3987, 3988, 3989, 3990, 3991, 3992, 3993, 3994, 3995, 3996], "excluded_lines": [], "start_line": 3963}, "DatabaseManager.create_trip": {"executed_lines": [], "summary": {"covered_lines": 0, "num_statements": 11, "percent_covered": 0.0, "percent_covered_display": "0", "missing_lines": 11, "excluded_lines": 0, "percent_statements_covered": 0.0, "percent_statements_covered_display": "0"}, "missing_lines": [4009, 4010, 4011, 4018, 4019, 4020, 4024, 4025, 4026, 4027, 4028], "excluded_lines": [], "start_line": 3998}, "DatabaseManager.list_trips": {"executed_lines": [], "summary": {"covered_lines": 0, "num_statements": 6, "percent_covered": 0.0, "percent_covered_display": "0", "missing_lines": 6, "excluded_lines": 0, "percent_statements_covered": 0.0, "percent_statements_covered_display": "0"}, "missing_lines": [4031, 4032, 4033, 4041, 4042, 4043], "excluded_lines": [], "start_line": 4030}, "DatabaseManager.get_trip": {"executed_lines": [], "summary": {"covered_lines": 0, "num_statements": 7, "percent_covered": 0.0, "percent_covered_display": "0", "missing_lines": 7, "excluded_lines": 0, "percent_statements_covered": 0.0, "percent_statements_covered_display": "0"}, "missing_lines": [4046, 4047, 4048, 4049, 4050, 4051, 4052], "excluded_lines": [], "start_line": 4045}, "DatabaseManager.update_trip": {"executed_lines": [], "summary": {"covered_lines": 0, "num_statements": 24, "percent_covered": 0.0, "percent_covered_display": "0", "missing_lines": 24, "excluded_lines": 0, "percent_statements_covered": 0.0, "percent_statements_covered_display": "0"}, "missing_lines": [4062, 4063, 4064, 4065, 4066, 4067, 4068, 4069, 4070, 4071, 4072, 4073, 4074, 4075, 4079, 4080, 4081, 4082, 4083, 4087, 4088, 4089, 4090, 4091], "excluded_lines": [], "start_line": 4054}, "DatabaseManager.set_trip_item_packed": {"executed_lines": [], "summary": {"covered_lines": 0, "num_statements": 13, "percent_covered": 0.0, "percent_covered_display": "0", "missing_lines": 13, "excluded_lines": 0, "percent_statements_covered": 0.0, "percent_statements_covered_display": "0"}, "missing_lines": [4096, 4097, 4098, 4099, 4100, 4101, 4102, 4112, 4116, 4117, 4118, 4119, 4120], "excluded_lines": [], "start_line": 4093}, "DatabaseManager.auto_unpack_expired_trips": {"executed_lines": [], "summary": {"covered_lines": 0, "num_statements": 14, "percent_covered": 0.0, "percent_covered_display": "0", "missing_lines": 14, "excluded_lines": 0, "percent_statements_covered": 0.0, "percent_statements_covered_display": "0"}, "missing_lines": [4123, 4124, 4125, 4135, 4136, 4137, 4138, 4139, 4140, 4151, 4152, 4156, 4157, 4158], "excluded_lines": [], "start_line": 4122}, "DatabaseManager.record_classification_correction": {"executed_lines": [], "summary": {"covered_lines": 0, "num_statements": 13, "percent_covered": 0.0, "percent_covered_display": "0", "missing_lines": 13, "excluded_lines": 0, "percent_statements_covered": 0.0, "percent_statements_covered_display": "0"}, "missing_lines": [4163, 4164, 4165, 4166, 4167, 4168, 4169, 4170, 4171, 4172, 4181, 4182, 4183], "excluded_lines": [], "start_line": 4160}, "DatabaseManager.get_item_wear_history": {"executed_lines": [], "summary": {"covered_lines": 0, "num_statements": 10, "percent_covered": 0.0, "percent_covered_display": "0", "missing_lines": 10, "excluded_lines": 0, "percent_statements_covered": 0.0, "percent_statements_covered_display": "0"}, "missing_lines": [4186, 4187, 4188, 4189, 4190, 4191, 4192, 4202, 4203, 4204], "excluded_lines": [], "start_line": 4185}, "DatabaseManager.get_worn_posts_for_item": {"executed_lines": [], "summary": {"covered_lines": 0, "num_statements": 17, "percent_covered": 0.0, "percent_covered_display": "0", "missing_lines": 17, "excluded_lines": 0, "percent_statements_covered": 0.0, "percent_statements_covered_display": "0"}, "missing_lines": [4207, 4208, 4209, 4219, 4220, 4221, 4222, 4223, 4224, 4225, 4226, 4227, 4228, 4229, 4230, 4231, 4232], "excluded_lines": [], "start_line": 4206}, "DatabaseManager.get_worn_outfit_signatures": {"executed_lines": [], "summary": {"covered_lines": 0, "num_statements": 13, "percent_covered": 0.0, "percent_covered_display": "0", "missing_lines": 13, "excluded_lines": 0, "percent_statements_covered": 0.0, "percent_statements_covered_display": "0"}, "missing_lines": [4235, 4236, 4237, 4248, 4249, 4250, 4251, 4252, 4253, 4254, 4255, 4256, 4257], "excluded_lines": [], "start_line": 4234}, "DatabaseManager.list_items_missing_embeddings": {"executed_lines": [], "summary": {"covered_lines": 0, "num_statements": 6, "percent_covered": 0.0, "percent_covered_display": "0", "missing_lines": 6, "excluded_lines": 0, "percent_statements_covered": 0.0, "percent_statements_covered_display": "0"}, "missing_lines": [4260, 4261, 4262, 4275, 4276, 4277], "excluded_lines": [], "start_line": 4259}, "DatabaseManager.get_duplicate_candidates": {"executed_lines": [], "summary": {"covered_lines": 0, "num_statements": 14, "percent_covered": 0.0, "percent_covered_display": "0", "missing_lines": 14, "excluded_lines": 0, "percent_statements_covered": 0.0, "percent_statements_covered_display": "0"}, "missing_lines": [4280, 4281, 4282, 4283, 4284, 4285, 4286, 4287, 4288, 4289, 4290, 4291, 4295, 4296], "excluded_lines": [], "start_line": 4279}, "DatabaseManager.get_reminder_cards": {"executed_lines": [], "summary": {"covered_lines": 0, "num_statements": 20, "percent_covered": 0.0, "percent_covered_display": "0", "missing_lines": 20, "excluded_lines": 0, "percent_statements_covered": 0.0, "percent_statements_covered_display": "0"}, "missing_lines": [4299, 4300, 4301, 4302, 4316, 4317, 4326, 4342, 4343, 4344, 4345, 4346, 4347, 4348, 4349, 4350, 4351, 4352, 4360, 4361], "excluded_lines": [], "start_line": 4298}, "DatabaseManager.get_item": {"executed_lines": [], "summary": {"covered_lines": 0, "num_statements": 37, "percent_covered": 0.0, "percent_covered_display": "0", "missing_lines": 37, "excluded_lines": 0, "percent_statements_covered": 0.0, "percent_statements_covered_display": "0"}, "missing_lines": [4367, 4369, 4373, 4375, 4379, 4381, 4383, 4384, 4385, 4386, 4387, 4388, 4390, 4392, 4394, 4396, 4398, 4400, 4402, 4404, 4406, 4412, 4414, 4418, 4424, 4426, 4428, 4432, 4438, 4440, 4442, 4446, 4452, 4462, 4464, 4468, 4470], "excluded_lines": [], "start_line": 4363}, "DatabaseManager.update_item_status": {"executed_lines": [], "summary": {"covered_lines": 0, "num_statements": 108, "percent_covered": 0.0, "percent_covered_display": "0", "missing_lines": 108, "excluded_lines": 0, "percent_statements_covered": 0.0, "percent_statements_covered_display": "0"}, "missing_lines": [4482, 4484, 4488, 4504, 4508, 4510, 4512, 4516, 4518, 4520, 4522, 4524, 4528, 4530, 4532, 4536, 4538, 4540, 4544, 4546, 4548, 4550, 4552, 4554, 4556, 4558, 4560, 4562, 4564, 4566, 4568, 4574, 4575, 4576, 4578, 4586, 4588, 4590, 4594, 4598, 4602, 4604, 4606, 4608, 4610, 4612, 4614, 4616, 4617, 4621, 4623, 4625, 4626, 4630, 4632, 4634, 4638, 4640, 4642, 4644, 4646, 4648, 4650, 4654, 4656, 4660, 4662, 4664, 4668, 4670, 4672, 4674, 4678, 4682, 4692, 4694, 4696, 4698, 4699, 4703, 4705, 4707, 4711, 4713, 4715, 4717, 4718, 4722, 4724, 4725, 4729, 4731, 4733, 4737, 4739, 4741, 4743, 4744, 4748, 4750, 4752, 4756, 4758, 4762, 4764, 4768, 4770, 4774], "excluded_lines": [], "start_line": 4474}, "DatabaseManager.delete_item": {"executed_lines": [], "summary": {"covered_lines": 0, "num_statements": 8, "percent_covered": 0.0, "percent_covered_display": "0", "missing_lines": 8, "excluded_lines": 0, "percent_statements_covered": 0.0, "percent_statements_covered_display": "0"}, "missing_lines": [4782, 4784, 4790, 4796, 4798, 4802, 4804, 4808], "excluded_lines": [], "start_line": 4778}, "DatabaseManager.get_statistics": {"executed_lines": [], "summary": {"covered_lines": 0, "num_statements": 22, "percent_covered": 0.0, "percent_covered_display": "0", "missing_lines": 22, "excluded_lines": 0, "percent_statements_covered": 0.0, "percent_statements_covered_display": "0"}, "missing_lines": [4816, 4818, 4824, 4830, 4838, 4844, 4856, 4862, 4870, 4876, 4890, 4896, 4906, 4910, 4912, 4942, 4944, 4946, 4948, 4950, 4954, 4958], "excluded_lines": [], "start_line": 4812}, "DatabaseManager.get_recent_outfit_signatures": {"executed_lines": [], "summary": {"covered_lines": 0, "num_statements": 6, "percent_covered": 0.0, "percent_covered_display": "0", "missing_lines": 6, "excluded_lines": 0, "percent_statements_covered": 0.0, "percent_statements_covered_display": "0"}, "missing_lines": [4984, 4986, 4988, 5006, 5008, 5010], "excluded_lines": [], "start_line": 4978}, "DatabaseManager.log_outfit_recommendations": {"executed_lines": [], "summary": {"covered_lines": 0, "num_statements": 13, "percent_covered": 0.0, "percent_covered_display": "0", "missing_lines": 13, "excluded_lines": 0, "percent_statements_covered": 0.0, "percent_statements_covered_display": "0"}, "missing_lines": [5016, 5018, 5020, 5022, 5024, 5038, 5040, 5042, 5044, 5046, 5052, 5066, 5068], "excluded_lines": [], "start_line": 5014}, "DatabaseManager.record_ai_stylist_feedback": {"executed_lines": [], "summary": {"covered_lines": 0, "num_statements": 5, "percent_covered": 0.0, "percent_covered_display": "0", "missing_lines": 5, "excluded_lines": 0, "percent_statements_covered": 0.0, "percent_statements_covered_display": "0"}, "missing_lines": [5088, 5090, 5092, 5110, 5112], "excluded_lines": [], "start_line": 5072}, "DatabaseManager.get_ai_stylist_feedback_summary": {"executed_lines": [], "summary": {"covered_lines": 0, "num_statements": 21, "percent_covered": 0.0, "percent_covered_display": "0", "missing_lines": 21, "excluded_lines": 0, "percent_statements_covered": 0.0, "percent_statements_covered_display": "0"}, "missing_lines": [5122, 5124, 5126, 5146, 5148, 5150, 5152, 5154, 5156, 5158, 5160, 5162, 5166, 5168, 5170, 5172, 5174, 5176, 5178, 5180, 5182], "excluded_lines": [], "start_line": 5116}, "DatabaseManager._calculate_rotation_category": {"executed_lines": [], "summary": {"covered_lines": 0, "num_statements": 10, "percent_covered": 0.0, "percent_covered_display": "0", "missing_lines": 10, "excluded_lines": 0, "percent_statements_covered": 0.0, "percent_statements_covered_display": "0"}, "missing_lines": [5200, 5202, 5206, 5210, 5212, 5214, 5216, 5218, 5220, 5224], "excluded_lines": [], "start_line": 5196}, "DatabaseManager._calculate_freshness_score": {"executed_lines": [], "summary": {"covered_lines": 0, "num_statements": 8, "percent_covered": 0.0, "percent_covered_display": "0", "missing_lines": 8, "excluded_lines": 0, "percent_statements_covered": 0.0, "percent_statements_covered_display": "0"}, "missing_lines": [5234, 5240, 5246, 5248, 5252, 5258, 5262, 5264], "excluded_lines": [], "start_line": 5228}, "DatabaseManager.update_freshness_scores": {"executed_lines": [], "summary": {"covered_lines": 0, "num_statements": 13, "percent_covered": 0.0, "percent_covered_display": "0", "missing_lines": 13, "excluded_lines": 0, "percent_statements_covered": 0.0, "percent_statements_covered_display": "0"}, "missing_lines": [5272, 5274, 5278, 5290, 5294, 5296, 5298, 5300, 5302, 5306, 5318, 5328, 5330], "excluded_lines": [], "start_line": 5268}, "DatabaseManager.get_neglected_items": {"executed_lines": [], "summary": {"covered_lines": 0, "num_statements": 12, "percent_covered": 0.0, "percent_covered_display": "0", "missing_lines": 12, "excluded_lines": 0, "percent_statements_covered": 0.0, "percent_statements_covered_display": "0"}, "missing_lines": [5338, 5340, 5344, 5370, 5372, 5374, 5376, 5378, 5380, 5382, 5386, 5388], "excluded_lines": [], "start_line": 5334}, "DatabaseManager.toggle_favorite": {"executed_lines": [], "summary": {"covered_lines": 0, "num_statements": 12, "percent_covered": 0.0, "percent_covered_display": "0", "missing_lines": 12, "excluded_lines": 0, "percent_statements_covered": 0.0, "percent_statements_covered_display": "0"}, "missing_lines": [5396, 5398, 5402, 5404, 5408, 5410, 5412, 5416, 5418, 5424, 5426, 5428], "excluded_lines": [], "start_line": 5392}, "DatabaseManager.lend_item": {"executed_lines": [], "summary": {"covered_lines": 0, "num_statements": 17, "percent_covered": 0.0, "percent_covered_display": "0", "missing_lines": 17, "excluded_lines": 0, "percent_statements_covered": 0.0, "percent_statements_covered_display": "0"}, "missing_lines": [5452, 5454, 5458, 5460, 5464, 5472, 5474, 5476, 5478, 5480, 5484, 5486, 5490, 5516, 5518, 5520, 5522], "excluded_lines": [], "start_line": 5432}, "DatabaseManager.return_item": {"executed_lines": [], "summary": {"covered_lines": 0, "num_statements": 12, "percent_covered": 0.0, "percent_covered_display": "0", "missing_lines": 12, "excluded_lines": 0, "percent_statements_covered": 0.0, "percent_statements_covered_display": "0"}, "missing_lines": [5530, 5532, 5536, 5544, 5546, 5548, 5550, 5554, 5570, 5572, 5574, 5576], "excluded_lines": [], "start_line": 5526}, "DatabaseManager.add_wishlist_item": {"executed_lines": [], "summary": {"covered_lines": 0, "num_statements": 13, "percent_covered": 0.0, "percent_covered_display": "0", "missing_lines": 13, "excluded_lines": 0, "percent_statements_covered": 0.0, "percent_statements_covered_display": "0"}, "missing_lines": [5656, 5658, 5662, 5664, 5668, 5670, 5672, 5674, 5678, 5706, 5708, 5710, 5712], "excluded_lines": [], "start_line": 5622}, "DatabaseManager.get_wishlist_items": {"executed_lines": [], "summary": {"covered_lines": 0, "num_statements": 17, "percent_covered": 0.0, "percent_covered_display": "0", "missing_lines": 17, "excluded_lines": 0, "percent_statements_covered": 0.0, "percent_statements_covered_display": "0"}, "missing_lines": [5720, 5722, 5726, 5742, 5746, 5748, 5750, 5752, 5754, 5756, 5758, 5760, 5762, 5764, 5766, 5770, 5772], "excluded_lines": [], "start_line": 5716}, "DatabaseManager.promote_wishlist_item": {"executed_lines": [], "summary": {"covered_lines": 0, "num_statements": 12, "percent_covered": 0.0, "percent_covered_display": "0", "missing_lines": 12, "excluded_lines": 0, "percent_statements_covered": 0.0, "percent_statements_covered_display": "0"}, "missing_lines": [5790, 5792, 5796, 5804, 5806, 5808, 5810, 5814, 5838, 5840, 5842, 5844], "excluded_lines": [], "start_line": 5776}, "DatabaseManager.update_wishlist_item": {"executed_lines": [], "summary": {"covered_lines": 0, "num_statements": 23, "percent_covered": 0.0, "percent_covered_display": "0", "missing_lines": 23, "excluded_lines": 0, "percent_statements_covered": 0.0, "percent_statements_covered_display": "0"}, "missing_lines": [5858, 5860, 5862, 5864, 5866, 5868, 5872, 5874, 5876, 5880, 5882, 5886, 5894, 5896, 5898, 5900, 5904, 5906, 5908, 5916, 5918, 5920, 5922], "excluded_lines": [], "start_line": 5848}, "DatabaseManager.add_to_laundry_queue": {"executed_lines": [], "summary": {"covered_lines": 0, "num_statements": 20, "percent_covered": 0.0, "percent_covered_display": "0", "missing_lines": 20, "excluded_lines": 0, "percent_statements_covered": 0.0, "percent_statements_covered_display": "0"}, "missing_lines": [5930, 5932, 5936, 5944, 5946, 5948, 5950, 5952, 5954, 5956, 5962, 5972, 5974, 5976, 5980, 5990, 5996, 6008, 6010, 6012], "excluded_lines": [], "start_line": 5926}, "DatabaseManager.get_laundry_queue": {"executed_lines": [], "summary": {"covered_lines": 0, "num_statements": 16, "percent_covered": 0.0, "percent_covered_display": "0", "missing_lines": 16, "excluded_lines": 0, "percent_statements_covered": 0.0, "percent_statements_covered_display": "0"}, "missing_lines": [6020, 6022, 6026, 6054, 6056, 6058, 6060, 6062, 6064, 6066, 6068, 6074, 6076, 6078, 6082, 6086], "excluded_lines": [], "start_line": 6016}, "DatabaseManager._public_user_row": {"executed_lines": [], "summary": {"covered_lines": 0, "num_statements": 1, "percent_covered": 0.0, "percent_covered_display": "0", "missing_lines": 1, "excluded_lines": 0, "percent_statements_covered": 0.0, "percent_statements_covered_display": "0"}, "missing_lines": [6110], "excluded_lines": [], "start_line": 6106}, "DatabaseManager.search_users": {"executed_lines": [], "summary": {"covered_lines": 0, "num_statements": 10, "percent_covered": 0.0, "percent_covered_display": "0", "missing_lines": 10, "excluded_lines": 0, "percent_statements_covered": 0.0, "percent_statements_covered_display": "0"}, "missing_lines": [6130, 6132, 6134, 6136, 6138, 6140, 6142, 6168, 6170, 6172], "excluded_lines": [], "start_line": 6126}, "DatabaseManager.get_public_profile": {"executed_lines": [], "summary": {"covered_lines": 0, "num_statements": 32, "percent_covered": 0.0, "percent_covered_display": "0", "missing_lines": 32, "excluded_lines": 0, "percent_statements_covered": 0.0, "percent_statements_covered_display": "0"}, "missing_lines": [6180, 6182, 6184, 6194, 6196, 6198, 6200, 6202, 6206, 6216, 6220, 6228, 6232, 6242, 6246, 6248, 6250, 6252, 6256, 6274, 6276, 6278, 6280, 6282, 6284, 6286, 6288, 6292, 6294, 6296, 6298, 6300], "excluded_lines": [], "start_line": 6176}, "DatabaseManager.send_friend_request": {"executed_lines": [], "summary": {"covered_lines": 0, "num_statements": 27, "percent_covered": 0.0, "percent_covered_display": "0", "missing_lines": 27, "excluded_lines": 0, "percent_statements_covered": 0.0, "percent_statements_covered_display": "0"}, "missing_lines": [6308, 6310, 6314, 6316, 6320, 6322, 6324, 6326, 6330, 6346, 6348, 6350, 6352, 6354, 6356, 6360, 6362, 6372, 6374, 6376, 6378, 6380, 6384, 6394, 6396, 6398, 6400], "excluded_lines": [], "start_line": 6304}, "DatabaseManager.respond_to_friend_request": {"executed_lines": [], "summary": {"covered_lines": 0, "num_statements": 13, "percent_covered": 0.0, "percent_covered_display": "0", "missing_lines": 13, "excluded_lines": 0, "percent_statements_covered": 0.0, "percent_statements_covered_display": "0"}, "missing_lines": [6412, 6414, 6416, 6424, 6426, 6428, 6430, 6434, 6436, 6448, 6450, 6452, 6454], "excluded_lines": [], "start_line": 6404}, "DatabaseManager.remove_friend": {"executed_lines": [], "summary": {"covered_lines": 0, "num_statements": 7, "percent_covered": 0.0, "percent_covered_display": "0", "missing_lines": 7, "excluded_lines": 0, "percent_statements_covered": 0.0, "percent_statements_covered_display": "0"}, "missing_lines": [6462, 6464, 6466, 6482, 6484, 6486, 6488], "excluded_lines": [], "start_line": 6458}, "DatabaseManager.get_friends": {"executed_lines": [], "summary": {"covered_lines": 0, "num_statements": 6, "percent_covered": 0.0, "percent_covered_display": "0", "missing_lines": 6, "excluded_lines": 0, "percent_statements_covered": 0.0, "percent_statements_covered_display": "0"}, "missing_lines": [6496, 6498, 6500, 6530, 6532, 6534], "excluded_lines": [], "start_line": 6492}, "DatabaseManager.get_friend_requests": {"executed_lines": [], "summary": {"covered_lines": 0, "num_statements": 12, "percent_covered": 0.0, "percent_covered_display": "0", "missing_lines": 12, "excluded_lines": 0, "percent_statements_covered": 0.0, "percent_statements_covered_display": "0"}, "missing_lines": [6562, 6564, 6566, 6588, 6590, 6592, 6616, 6638, 6640, 6642, 6664, 6666], "excluded_lines": [], "start_line": 6558}, "DatabaseManager.are_friends": {"executed_lines": [], "summary": {"covered_lines": 0, "num_statements": 8, "percent_covered": 0.0, "percent_covered_display": "0", "missing_lines": 8, "excluded_lines": 0, "percent_statements_covered": 0.0, "percent_statements_covered_display": "0"}, "missing_lines": [6672, 6674, 6676, 6678, 6680, 6698, 6700, 6702], "excluded_lines": [], "start_line": 6670}, "DatabaseManager.create_fit_post": {"executed_lines": [], "summary": {"covered_lines": 0, "num_statements": 11, "percent_covered": 0.0, "percent_covered_display": "0", "missing_lines": 11, "excluded_lines": 0, "percent_statements_covered": 0.0, "percent_statements_covered_display": "0"}, "missing_lines": [6732, 6734, 6736, 6738, 6776, 6784, 6786, 6788, 6808, 6810, 6812], "excluded_lines": [], "start_line": 6710}, "DatabaseManager.delete_fit_post": {"executed_lines": [], "summary": {"covered_lines": 0, "num_statements": 14, "percent_covered": 0.0, "percent_covered_display": "0", "missing_lines": 14, "excluded_lines": 0, "percent_statements_covered": 0.0, "percent_statements_covered_display": "0"}, "missing_lines": [6818, 6820, 6822, 6824, 6826, 6828, 6830, 6836, 6838, 6840, 6842, 6844, 6846, 6848], "excluded_lines": [], "start_line": 6816}, "DatabaseManager._hydrate_post": {"executed_lines": [], "summary": {"covered_lines": 0, "num_statements": 26, "percent_covered": 0.0, "percent_covered_display": "0", "missing_lines": 26, "excluded_lines": 0, "percent_statements_covered": 0.0, "percent_statements_covered_display": "0"}, "missing_lines": [6856, 6858, 6860, 6864, 6874, 6876, 6898, 6900, 6902, 6904, 6906, 6910, 6912, 6914, 6916, 6926, 6928, 6942, 6946, 6958, 6960, 6962, 6972, 6976, 6984, 6986], "excluded_lines": [], "start_line": 6852}, "DatabaseManager.get_trip_logs": {"executed_lines": [], "summary": {"covered_lines": 0, "num_statements": 17, "percent_covered": 0.0, "percent_covered_display": "0", "missing_lines": 17, "excluded_lines": 0, "percent_statements_covered": 0.0, "percent_statements_covered_display": "0"}, "missing_lines": [6994, 6996, 6998, 7022, 7024, 7026, 7028, 7030, 7032, 7048, 7050, 7070, 7072, 7074, 7078, 7080, 7082], "excluded_lines": [], "start_line": 6990}, "DatabaseManager.get_feed": {"executed_lines": [], "summary": {"covered_lines": 0, "num_statements": 16, "percent_covered": 0.0, "percent_covered_display": "0", "missing_lines": 16, "excluded_lines": 0, "percent_statements_covered": 0.0, "percent_statements_covered_display": "0"}, "missing_lines": [7094, 7096, 7098, 7100, 7102, 7104, 7106, 7108, 7142, 7144, 7146, 7148, 7150, 7152, 7154, 7156], "excluded_lines": [], "start_line": 7086}, "DatabaseManager.get_user_posts": {"executed_lines": [], "summary": {"covered_lines": 0, "num_statements": 12, "percent_covered": 0.0, "percent_covered_display": "0", "missing_lines": 12, "excluded_lines": 0, "percent_statements_covered": 0.0, "percent_statements_covered_display": "0"}, "missing_lines": [7168, 7170, 7172, 7174, 7176, 7186, 7188, 7190, 7192, 7194, 7196, 7198], "excluded_lines": [], "start_line": 7160}, "DatabaseManager.get_post": {"executed_lines": [], "summary": {"covered_lines": 0, "num_statements": 15, "percent_covered": 0.0, "percent_covered_display": "0", "missing_lines": 15, "excluded_lines": 0, "percent_statements_covered": 0.0, "percent_statements_covered_display": "0"}, "missing_lines": [7206, 7208, 7210, 7212, 7214, 7216, 7218, 7220, 7222, 7224, 7226, 7228, 7230, 7232, 7234], "excluded_lines": [], "start_line": 7202}, "DatabaseManager.toggle_reaction": {"executed_lines": [], "summary": {"covered_lines": 0, "num_statements": 24, "percent_covered": 0.0, "percent_covered_display": "0", "missing_lines": 24, "excluded_lines": 0, "percent_statements_covered": 0.0, "percent_statements_covered_display": "0"}, "missing_lines": [7246, 7248, 7250, 7252, 7254, 7256, 7258, 7260, 7262, 7264, 7266, 7268, 7270, 7272, 7276, 7286, 7288, 7290, 7296, 7300, 7310, 7312, 7314, 7316], "excluded_lines": [], "start_line": 7238}, "DatabaseManager.add_comment": {"executed_lines": [], "summary": {"covered_lines": 0, "num_statements": 19, "percent_covered": 0.0, "percent_covered_display": "0", "missing_lines": 19, "excluded_lines": 0, "percent_statements_covered": 0.0, "percent_statements_covered_display": "0"}, "missing_lines": [7326, 7328, 7330, 7332, 7334, 7336, 7338, 7340, 7342, 7344, 7346, 7348, 7350, 7352, 7354, 7362, 7364, 7366, 7368], "excluded_lines": [], "start_line": 7320}, "DatabaseManager.get_comments": {"executed_lines": [], "summary": {"covered_lines": 0, "num_statements": 17, "percent_covered": 0.0, "percent_covered_display": "0", "missing_lines": 17, "excluded_lines": 0, "percent_statements_covered": 0.0, "percent_statements_covered_display": "0"}, "missing_lines": [7378, 7380, 7382, 7384, 7386, 7388, 7390, 7392, 7394, 7396, 7398, 7400, 7422, 7424, 7426, 7448, 7450], "excluded_lines": [], "start_line": 7372}, "DatabaseManager.delete_comment": {"executed_lines": [], "summary": {"covered_lines": 0, "num_statements": 15, "percent_covered": 0.0, "percent_covered_display": "0", "missing_lines": 15, "excluded_lines": 0, "percent_statements_covered": 0.0, "percent_statements_covered_display": "0"}, "missing_lines": [7458, 7460, 7462, 7480, 7482, 7484, 7486, 7488, 7490, 7492, 7494, 7496, 7498, 7500, 7502], "excluded_lines": [], "start_line": 7454}, "DatabaseManager.set_user_avatar": {"executed_lines": [], "summary": {"covered_lines": 0, "num_statements": 7, "percent_covered": 0.0, "percent_covered_display": "0", "missing_lines": 7, "excluded_lines": 0, "percent_statements_covered": 0.0, "percent_statements_covered_display": "0"}, "missing_lines": [7508, 7510, 7512, 7520, 7522, 7524, 7526], "excluded_lines": [], "start_line": 7506}, "DatabaseManager.get_user_token_version": {"executed_lines": [7546, 7548, 7550, 7556, 7558, 7560, 7564], "summary": {"covered_lines": 7, "num_statements": 8, "percent_covered": 87.5, "percent_covered_display": "88", "missing_lines": 1, "excluded_lines": 0, "percent_statements_covered": 87.5, "percent_statements_covered_display": "88"}, "missing_lines": [7562], "excluded_lines": [], "start_line": 7534}, "DatabaseManager.bump_token_version": {"executed_lines": [], "summary": {"covered_lines": 0, "num_statements": 7, "percent_covered": 0.0, "percent_covered_display": "0", "missing_lines": 7, "excluded_lines": 0, "percent_statements_covered": 0.0, "percent_statements_covered_display": "0"}, "missing_lines": [7578, 7580, 7582, 7592, 7594, 7596, 7598], "excluded_lines": [], "start_line": 7568}, "DatabaseManager.item_belongs_to": {"executed_lines": [], "summary": {"covered_lines": 0, "num_statements": 6, "percent_covered": 0.0, "percent_covered_display": "0", "missing_lines": 6, "excluded_lines": 0, "percent_statements_covered": 0.0, "percent_statements_covered_display": "0"}, "missing_lines": [7612, 7614, 7616, 7624, 7626, 7628], "excluded_lines": [], "start_line": 7602}, "DatabaseManager.laundry_entry_belongs_to": {"executed_lines": [], "summary": {"covered_lines": 0, "num_statements": 6, "percent_covered": 0.0, "percent_covered_display": "0", "missing_lines": 6, "excluded_lines": 0, "percent_statements_covered": 0.0, "percent_statements_covered_display": "0"}, "missing_lines": [7644, 7646, 7648, 7664, 7666, 7668], "excluded_lines": [], "start_line": 7632}, "DatabaseManager.get_login_lockout": {"executed_lines": [7680, 7682, 7684, 7690, 7692, 7694, 7698, 7700, 7702], "summary": {"covered_lines": 9, "num_statements": 16, "percent_covered": 56.25, "percent_covered_display": "56", "missing_lines": 7, "excluded_lines": 0, "percent_statements_covered": 56.25, "percent_statements_covered_display": "56"}, "missing_lines": [7696, 7704, 7706, 7708, 7710, 7712, 7714], "excluded_lines": [], "start_line": 7676}, "DatabaseManager.record_login_failure": {"executed_lines": [], "summary": {"covered_lines": 0, "num_statements": 15, "percent_covered": 0.0, "percent_covered_display": "0", "missing_lines": 15, "excluded_lines": 0, "percent_statements_covered": 0.0, "percent_statements_covered_display": "0"}, "missing_lines": [7734, 7736, 7738, 7740, 7746, 7748, 7750, 7752, 7754, 7756, 7758, 7760, 7766, 7776, 7778], "excluded_lines": [], "start_line": 7718}, "DatabaseManager.clear_login_failures": {"executed_lines": [7786, 7788, 7790, 7800, 7802], "summary": {"covered_lines": 5, "num_statements": 5, "percent_covered": 100.0, "percent_covered_display": "100", "missing_lines": 0, "excluded_lines": 0, "percent_statements_covered": 100.0, "percent_statements_covered_display": "100"}, "missing_lines": [], "excluded_lines": [], "start_line": 7782}, "DatabaseManager.update_password": {"executed_lines": [], "summary": {"covered_lines": 0, "num_statements": 7, "percent_covered": 0.0, "percent_covered_display": "0", "missing_lines": 7, "excluded_lines": 0, "percent_statements_covered": 0.0, "percent_statements_covered_display": "0"}, "missing_lines": [7816, 7818, 7820, 7828, 7830, 7832, 7834], "excluded_lines": [], "start_line": 7806}, "DatabaseManager.update_laundry_status": {"executed_lines": [], "summary": {"covered_lines": 0, "num_statements": 10, "percent_covered": 0.0, "percent_covered_display": "0", "missing_lines": 10, "excluded_lines": 0, "percent_statements_covered": 0.0, "percent_statements_covered_display": "0"}, "missing_lines": [7842, 7844, 7848, 7862, 7864, 7878, 7882, 7884, 7886, 7888], "excluded_lines": [], "start_line": 7838}, "": {"executed_lines": [1, 2, 3, 4, 5, 6, 12, 14, 17, 26, 32, 58, 64, 72, 110, 1110, 1150, 1198, 1236, 1268, 1294, 1378, 1404, 1496, 1590, 1630, 1660, 1694, 1750, 1816, 1868, 1976, 2150, 2300, 2358, 2360, 2408, 2410, 2436, 2438, 2466, 2492, 2518, 2520, 2528, 2576, 2800, 2855, 2857, 2863, 2865, 2869, 3148, 3261, 3349, 3383, 3431, 3527, 3571, 3607, 3631, 3713, 3855, 3879, 3915, 3963, 3998, 4030, 4045, 4054, 4093, 4122, 4160, 4185, 4206, 4234, 4259, 4279, 4298, 4363, 4474, 4778, 4812, 4978, 5014, 5072, 5116, 5196, 5228, 5268, 5334, 5392, 5432, 5526, 5600, 5602, 5622, 5716, 5776, 5848, 5926, 6016, 6104, 6106, 6126, 6176, 6304, 6404, 6458, 6492, 6558, 6670, 6710, 6816, 6852, 6990, 7086, 7160, 7202, 7238, 7320, 7372, 7454, 7506, 7534, 7568, 7602, 7632, 7676, 7718, 7782, 7806, 7838], "summary": {"covered_lines": 133, "num_statements": 133, "percent_covered": 100.0, "percent_covered_display": "100", "missing_lines": 0, "excluded_lines": 0, "percent_statements_covered": 100.0, "percent_statements_covered_display": "100"}, "missing_lines": [], "excluded_lines": [], "start_line": 1}}, "classes": {"DatabaseManager": {"executed_lines": [66, 68, 90, 92, 94, 96, 98, 100, 106, 114, 116, 122, 162, 270, 296, 322, 324, 326, 336, 342, 344, 350, 352, 358, 360, 366, 368, 374, 376, 382, 384, 392, 394, 396, 404, 412, 420, 432, 436, 444, 448, 462, 472, 480, 490, 498, 506, 514, 516, 522, 530, 538, 546, 550, 552, 558, 562, 566, 576, 600, 612, 640, 670, 672, 674, 678, 682, 686, 692, 718, 744, 752, 760, 768, 776, 784, 794, 816, 824, 850, 860, 900, 922, 930, 938, 972, 980, 1008, 1016, 1044, 1052, 1090, 1100, 1102, 1116, 1118, 1122, 1124, 1134, 1136, 1138, 1140, 1164, 1166, 1170, 1178, 1182, 1184, 1186, 1188, 1192, 1194, 1202, 1204, 1208, 1216, 1220, 1230, 1232, 1240, 1242, 1246, 1248, 1252, 1254, 1256, 1258, 1272, 1274, 1278, 1288, 1290, 7546, 7548, 7550, 7556, 7558, 7560, 7564, 7680, 7682, 7684, 7690, 7692, 7694, 7698, 7700, 7702, 7786, 7788, 7790, 7800, 7802], "summary": {"covered_lines": 153, "num_statements": 1814, "percent_covered": 8.434399117971335, "percent_covered_display": "8", "missing_lines": 1661, "excluded_lines": 0, "percent_statements_covered": 8.434399117971335, "percent_statements_covered_display": "8"}, "missing_lines": [102, 104, 398, 406, 414, 426, 434, 438, 446, 456, 466, 474, 484, 492, 500, 508, 524, 532, 540, 548, 560, 564, 568, 676, 680, 684, 688, 1142, 1144, 1146, 1222, 1224, 1226, 1262, 1264, 1304, 1306, 1310, 1312, 1316, 1318, 1320, 1322, 1324, 1326, 1328, 1330, 1332, 1334, 1336, 1338, 1340, 1342, 1344, 1348, 1350, 1352, 1356, 1358, 1362, 1364, 1368, 1370, 1374, 1380, 1382, 1384, 1386, 1388, 1424, 1426, 1428, 1430, 1432, 1434, 1436, 1438, 1440, 1442, 1444, 1446, 1448, 1450, 1452, 1454, 1456, 1458, 1460, 1462, 1464, 1466, 1468, 1470, 1472, 1474, 1476, 1478, 1486, 1488, 1490, 1492, 1498, 1500, 1502, 1520, 1522, 1524, 1526, 1528, 1536, 1544, 1546, 1548, 1550, 1552, 1566, 1568, 1576, 1578, 1580, 1582, 1584, 1586, 1592, 1594, 1596, 1598, 1614, 1616, 1618, 1620, 1622, 1624, 1626, 1632, 1634, 1636, 1644, 1646, 1648, 1650, 1652, 1654, 1656, 1662, 1664, 1666, 1668, 1670, 1678, 1686, 1688, 1690, 1700, 1702, 1704, 1706, 1708, 1710, 1712, 1714, 1728, 1730, 1732, 1740, 1742, 1744, 1746, 1768, 1770, 1772, 1774, 1776, 1778, 1780, 1782, 1784, 1786, 1788, 1790, 1792, 1794, 1796, 1804, 1806, 1808, 1810, 1812, 1818, 1820, 1822, 1824, 1826, 1828, 1836, 1844, 1846, 1854, 1856, 1858, 1860, 1896, 1898, 1900, 1904, 1906, 1908, 1910, 1912, 1914, 1916, 1922, 1924, 1926, 1928, 1930, 1932, 1934, 1936, 1940, 1964, 1966, 1968, 1972, 2022, 2024, 2026, 2030, 2032, 2034, 2036, 2038, 2040, 2042, 2044, 2046, 2048, 2050, 2052, 2054, 2056, 2058, 2060, 2062, 2064, 2066, 2068, 2140, 2142, 2144, 2146, 2186, 2188, 2190, 2194, 2196, 2198, 2200, 2202, 2204, 2206, 2208, 2210, 2212, 2214, 2216, 2220, 2222, 2226, 2288, 2290, 2292, 2296, 2308, 2310, 2312, 2314, 2316, 2318, 2336, 2338, 2340, 2342, 2344, 2346, 2348, 2350, 2352, 2354, 2372, 2374, 2376, 2378, 2380, 2382, 2386, 2390, 2392, 2394, 2396, 2398, 2400, 2404, 2412, 2414, 2416, 2418, 2420, 2426, 2428, 2432, 2440, 2442, 2444, 2446, 2448, 2450, 2452, 2456, 2458, 2460, 2462, 2470, 2472, 2474, 2482, 2484, 2486, 2488, 2496, 2498, 2500, 2508, 2510, 2512, 2514, 2522, 2524, 2530, 2532, 2534, 2554, 2556, 2558, 2560, 2562, 2564, 2566, 2568, 2570, 2572, 2584, 2586, 2588, 2590, 2592, 2608, 2610, 2612, 2614, 2616, 2618, 2620, 2622, 2624, 2626, 2628, 2630, 2634, 2636, 2638, 2640, 2642, 2644, 2646, 2648, 2658, 2670, 2672, 2674, 2746, 2750, 2752, 2756, 2758, 2760, 2762, 2764, 2780, 2782, 2784, 2786, 2788, 2790, 2792, 2883, 2885, 2887, 2889, 2891, 2893, 2895, 2897, 2899, 2901, 2903, 2905, 2907, 2909, 2911, 2913, 2915, 2916, 2918, 2920, 2922, 2924, 2926, 2928, 2930, 2932, 2934, 2936, 2938, 2940, 2942, 2944, 2946, 2948, 2950, 2952, 2954, 2956, 2958, 2960, 2962, 2964, 2966, 2968, 2970, 2972, 2974, 2976, 2978, 2980, 2982, 2984, 2986, 2988, 2990, 2992, 2994, 2996, 2998, 3000, 3002, 3004, 3006, 3008, 3010, 3012, 3014, 3016, 3018, 3020, 3022, 3024, 3028, 3030, 3034, 3038, 3040, 3044, 3046, 3050, 3058, 3060, 3062, 3064, 3068, 3070, 3072, 3074, 3078, 3080, 3082, 3084, 3086, 3088, 3090, 3092, 3096, 3098, 3100, 3102, 3104, 3108, 3110, 3112, 3114, 3118, 3120, 3122, 3126, 3128, 3130, 3138, 3140, 3142, 3144, 3166, 3168, 3172, 3174, 3178, 3180, 3182, 3186, 3188, 3190, 3192, 3196, 3198, 3200, 3204, 3206, 3208, 3212, 3216, 3218, 3222, 3224, 3226, 3228, 3229, 3230, 3231, 3232, 3233, 3235, 3237, 3239, 3241, 3243, 3245, 3247, 3249, 3251, 3255, 3257, 3275, 3277, 3279, 3283, 3285, 3307, 3309, 3311, 3313, 3315, 3317, 3339, 3341, 3343, 3345, 3351, 3353, 3355, 3357, 3359, 3377, 3379, 3385, 3409, 3411, 3413, 3415, 3417, 3419, 3421, 3423, 3425, 3427, 3437, 3439, 3441, 3443, 3445, 3455, 3457, 3467, 3469, 3479, 3509, 3511, 3523, 3529, 3531, 3533, 3535, 3537, 3539, 3541, 3543, 3545, 3567, 3573, 3575, 3577, 3579, 3581, 3583, 3585, 3597, 3599, 3601, 3603, 3609, 3611, 3613, 3621, 3623, 3625, 3627, 3653, 3655, 3657, 3659, 3661, 3679, 3681, 3683, 3691, 3693, 3695, 3697, 3699, 3701, 3703, 3705, 3707, 3709, 3729, 3751, 3753, 3755, 3757, 3759, 3761, 3763, 3765, 3769, 3773, 3775, 3777, 3785, 3787, 3789, 3793, 3795, 3797, 3799, 3801, 3809, 3811, 3813, 3815, 3817, 3825, 3827, 3829, 3831, 3833, 3837, 3845, 3847, 3849, 3851, 3857, 3859, 3861, 3869, 3871, 3873, 3875, 3881, 3883, 3885, 3907, 3909, 3911, 3921, 3923, 3925, 3949, 3957, 3959, 3964, 3965, 3966, 3967, 3968, 3969, 3980, 3981, 3982, 3983, 3984, 3985, 3986, 3987, 3988, 3989, 3990, 3991, 3992, 3993, 3994, 3995, 3996, 4009, 4010, 4011, 4018, 4019, 4020, 4024, 4025, 4026, 4027, 4028, 4031, 4032, 4033, 4041, 4042, 4043, 4046, 4047, 4048, 4049, 4050, 4051, 4052, 4062, 4063, 4064, 4065, 4066, 4067, 4068, 4069, 4070, 4071, 4072, 4073, 4074, 4075, 4079, 4080, 4081, 4082, 4083, 4087, 4088, 4089, 4090, 4091, 4096, 4097, 4098, 4099, 4100, 4101, 4102, 4112, 4116, 4117, 4118, 4119, 4120, 4123, 4124, 4125, 4135, 4136, 4137, 4138, 4139, 4140, 4151, 4152, 4156, 4157, 4158, 4163, 4164, 4165, 4166, 4167, 4168, 4169, 4170, 4171, 4172, 4181, 4182, 4183, 4186, 4187, 4188, 4189, 4190, 4191, 4192, 4202, 4203, 4204, 4207, 4208, 4209, 4219, 4220, 4221, 4222, 4223, 4224, 4225, 4226, 4227, 4228, 4229, 4230, 4231, 4232, 4235, 4236, 4237, 4248, 4249, 4250, 4251, 4252, 4253, 4254, 4255, 4256, 4257, 4260, 4261, 4262, 4275, 4276, 4277, 4280, 4281, 4282, 4283, 4284, 4285, 4286, 4287, 4288, 4289, 4290, 4291, 4295, 4296, 4299, 4300, 4301, 4302, 4316, 4317, 4326, 4342, 4343, 4344, 4345, 4346, 4347, 4348, 4349, 4350, 4351, 4352, 4360, 4361, 4367, 4369, 4373, 4375, 4379, 4381, 4383, 4384, 4385, 4386, 4387, 4388, 4390, 4392, 4394, 4396, 4398, 4400, 4402, 4404, 4406, 4412, 4414, 4418, 4424, 4426, 4428, 4432, 4438, 4440, 4442, 4446, 4452, 4462, 4464, 4468, 4470, 4482, 4484, 4488, 4504, 4508, 4510, 4512, 4516, 4518, 4520, 4522, 4524, 4528, 4530, 4532, 4536, 4538, 4540, 4544, 4546, 4548, 4550, 4552, 4554, 4556, 4558, 4560, 4562, 4564, 4566, 4568, 4574, 4575, 4576, 4578, 4586, 4588, 4590, 4594, 4598, 4602, 4604, 4606, 4608, 4610, 4612, 4614, 4616, 4617, 4621, 4623, 4625, 4626, 4630, 4632, 4634, 4638, 4640, 4642, 4644, 4646, 4648, 4650, 4654, 4656, 4660, 4662, 4664, 4668, 4670, 4672, 4674, 4678, 4682, 4692, 4694, 4696, 4698, 4699, 4703, 4705, 4707, 4711, 4713, 4715, 4717, 4718, 4722, 4724, 4725, 4729, 4731, 4733, 4737, 4739, 4741, 4743, 4744, 4748, 4750, 4752, 4756, 4758, 4762, 4764, 4768, 4770, 4774, 4782, 4784, 4790, 4796, 4798, 4802, 4804, 4808, 4816, 4818, 4824, 4830, 4838, 4844, 4856, 4862, 4870, 4876, 4890, 4896, 4906, 4910, 4912, 4942, 4944, 4946, 4948, 4950, 4954, 4958, 4984, 4986, 4988, 5006, 5008, 5010, 5016, 5018, 5020, 5022, 5024, 5038, 5040, 5042, 5044, 5046, 5052, 5066, 5068, 5088, 5090, 5092, 5110, 5112, 5122, 5124, 5126, 5146, 5148, 5150, 5152, 5154, 5156, 5158, 5160, 5162, 5166, 5168, 5170, 5172, 5174, 5176, 5178, 5180, 5182, 5200, 5202, 5206, 5210, 5212, 5214, 5216, 5218, 5220, 5224, 5234, 5240, 5246, 5248, 5252, 5258, 5262, 5264, 5272, 5274, 5278, 5290, 5294, 5296, 5298, 5300, 5302, 5306, 5318, 5328, 5330, 5338, 5340, 5344, 5370, 5372, 5374, 5376, 5378, 5380, 5382, 5386, 5388, 5396, 5398, 5402, 5404, 5408, 5410, 5412, 5416, 5418, 5424, 5426, 5428, 5452, 5454, 5458, 5460, 5464, 5472, 5474, 5476, 5478, 5480, 5484, 5486, 5490, 5516, 5518, 5520, 5522, 5530, 5532, 5536, 5544, 5546, 5548, 5550, 5554, 5570, 5572, 5574, 5576, 5656, 5658, 5662, 5664, 5668, 5670, 5672, 5674, 5678, 5706, 5708, 5710, 5712, 5720, 5722, 5726, 5742, 5746, 5748, 5750, 5752, 5754, 5756, 5758, 5760, 5762, 5764, 5766, 5770, 5772, 5790, 5792, 5796, 5804, 5806, 5808, 5810, 5814, 5838, 5840, 5842, 5844, 5858, 5860, 5862, 5864, 5866, 5868, 5872, 5874, 5876, 5880, 5882, 5886, 5894, 5896, 5898, 5900, 5904, 5906, 5908, 5916, 5918, 5920, 5922, 5930, 5932, 5936, 5944, 5946, 5948, 5950, 5952, 5954, 5956, 5962, 5972, 5974, 5976, 5980, 5990, 5996, 6008, 6010, 6012, 6020, 6022, 6026, 6054, 6056, 6058, 6060, 6062, 6064, 6066, 6068, 6074, 6076, 6078, 6082, 6086, 6110, 6130, 6132, 6134, 6136, 6138, 6140, 6142, 6168, 6170, 6172, 6180, 6182, 6184, 6194, 6196, 6198, 6200, 6202, 6206, 6216, 6220, 6228, 6232, 6242, 6246, 6248, 6250, 6252, 6256, 6274, 6276, 6278, 6280, 6282, 6284, 6286, 6288, 6292, 6294, 6296, 6298, 6300, 6308, 6310, 6314, 6316, 6320, 6322, 6324, 6326, 6330, 6346, 6348, 6350, 6352, 6354, 6356, 6360, 6362, 6372, 6374, 6376, 6378, 6380, 6384, 6394, 6396, 6398, 6400, 6412, 6414, 6416, 6424, 6426, 6428, 6430, 6434, 6436, 6448, 6450, 6452, 6454, 6462, 6464, 6466, 6482, 6484, 6486, 6488, 6496, 6498, 6500, 6530, 6532, 6534, 6562, 6564, 6566, 6588, 6590, 6592, 6616, 6638, 6640, 6642, 6664, 6666, 6672, 6674, 6676, 6678, 6680, 6698, 6700, 6702, 6732, 6734, 6736, 6738, 6776, 6784, 6786, 6788, 6808, 6810, 6812, 6818, 6820, 6822, 6824, 6826, 6828, 6830, 6836, 6838, 6840, 6842, 6844, 6846, 6848, 6856, 6858, 6860, 6864, 6874, 6876, 6898, 6900, 6902, 6904, 6906, 6910, 6912, 6914, 6916, 6926, 6928, 6942, 6946, 6958, 6960, 6962, 6972, 6976, 6984, 6986, 6994, 6996, 6998, 7022, 7024, 7026, 7028, 7030, 7032, 7048, 7050, 7070, 7072, 7074, 7078, 7080, 7082, 7094, 7096, 7098, 7100, 7102, 7104, 7106, 7108, 7142, 7144, 7146, 7148, 7150, 7152, 7154, 7156, 7168, 7170, 7172, 7174, 7176, 7186, 7188, 7190, 7192, 719
[...]
: 91}, "BodyLimitMiddleware.__init__": {"executed_lines": [122, 123], "summary": {"covered_lines": 2, "num_statements": 2, "percent_covered": 100.0, "percent_covered_display": "100", "missing_lines": 0, "excluded_lines": 0, "percent_statements_covered": 100.0, "percent_statements_covered_display": "100"}, "missing_lines": [], "excluded_lines": [], "start_line": 121}, "BodyLimitMiddleware.dispatch": {"executed_lines": [126, 127, 128, 129, 135], "summary": {"covered_lines": 5, "num_statements": 8, "percent_covered": 62.5, "percent_covered_display": "62", "missing_lines": 3, "excluded_lines": 0, "percent_statements_covered": 62.5, "percent_statements_covered_display": "62"}, "missing_lines": [130, 133, 134], "excluded_lines": [], "start_line": 125}, "_Bucket.__init__": {"executed_lines": [144], "summary": {"covered_lines": 1, "num_statements": 1, "percent_covered": 100.0, "percent_covered_display": "100", "missing_lines": 0, "excluded_lines": 0, "percent_statements_covered": 100.0, "percent_statements_covered_display": "100"}, "missing_lines": [], "excluded_lines": [], "start_line": 143}, "InMemoryRateLimiter.__init__": {"executed_lines": [151, 152], "summary": {"covered_lines": 2, "num_statements": 2, "percent_covered": 100.0, "percent_covered_display": "100", "missing_lines": 0, "excluded_lines": 0, "percent_statements_covered": 100.0, "percent_statements_covered_display": "100"}, "missing_lines": [], "excluded_lines": [], "start_line": 150}, "InMemoryRateLimiter.check": {"executed_lines": [155, 156, 157, 158, 159, 161, 168], "summary": {"covered_lines": 7, "num_statements": 10, "percent_covered": 70.0, "percent_covered_display": "70", "missing_lines": 3, "excluded_lines": 0, "percent_statements_covered": 70.0, "percent_statements_covered_display": "70"}, "missing_lines": [160, 162, 163], "excluded_lines": [], "start_line": 154}, "client_ip": {"executed_lines": [178, 182], "summary": {"covered_lines": 2, "num_statements": 5, "percent_covered": 40.0, "percent_covered_display": "40", "missing_lines": 3, "excluded_lines": 0, "percent_statements_covered": 40.0, "percent_statements_covered_display": "40"}, "missing_lines": [179, 180, 181], "excluded_lines": [], "start_line": 174}, "rate_limit": {"executed_lines": [187], "summary": {"covered_lines": 1, "num_statements": 1, "percent_covered": 100.0, "percent_covered_display": "100", "missing_lines": 0, "excluded_lines": 0, "percent_statements_covered": 100.0, "percent_statements_covered_display": "100"}, "missing_lines": [], "excluded_lines": [], "start_line": 185}, "_detect_image_extension": {"executed_lines": [196, 198, 200, 201, 202, 204, 206, 210], "summary": {"covered_lines": 8, "num_statements": 15, "percent_covered": 53.333333333333336, "percent_covered_display": "53", "missing_lines": 7, "excluded_lines": 0, "percent_statements_covered": 53.333333333333336, "percent_statements_covered_display": "53"}, "missing_lines": [197, 199, 203, 205, 207, 208, 209], "excluded_lines": [], "start_line": 194}, "save_uploaded_image": {"executed_lines": [234, 236, 237, 238, 239, 240, 241, 242, 243, 244, 245, 246, 248, 250, 253, 254, 255, 256, 257, 259, 262, 263, 264, 268, 269, 270, 271, 272, 273, 278, 279], "summary": {"covered_lines": 31, "num_statements": 40, "percent_covered": 77.5, "percent_covered_display": "78", "missing_lines": 9, "excluded_lines": 0, "percent_statements_covered": 77.5, "percent_statements_covered_display": "78"}, "missing_lines": [247, 251, 265, 266, 274, 275, 276, 280, 281], "excluded_lines": [], "start_line": 213}, "safe_uploads_url": {"executed_lines": [], "summary": {"covered_lines": 0, "num_statements": 8, "percent_covered": 0.0, "percent_covered_display": "0", "missing_lines": 8, "excluded_lines": 0, "percent_statements_covered": 0.0, "percent_statements_covered_display": "0"}, "missing_lines": [289, 290, 291, 292, 293, 294, 295, 296], "excluded_lines": [], "start_line": 284}, "validate_password": {"executed_lines": [309, 311, 312, 316, 323, 331, 336], "summary": {"covered_lines": 7, "num_statements": 11, "percent_covered": 63.63636363636363, "percent_covered_display": "64", "missing_lines": 4, "excluded_lines": 0, "percent_statements_covered": 63.63636363636363, "percent_statements_covered_display": "64"}, "missing_lines": [310, 319, 332, 337], "excluded_lines": [], "start_line": 305}, "normalize_username": {"executed_lines": [354, 356, 357, 362, 363, 364, 365], "summary": {"covered_lines": 7, "num_statements": 9, "percent_covered": 77.77777777777777, "percent_covered_display": "78", "missing_lines": 2, "excluded_lines": 0, "percent_statements_covered": 77.77777777777777, "percent_statements_covered_display": "78"}, "missing_lines": [355, 358], "excluded_lines": [], "start_line": 351}, "normalize_email": {"executed_lines": [369], "summary": {"covered_lines": 1, "num_statements": 1, "percent_covered": 100.0, "percent_covered_display": "100", "missing_lines": 0, "excluded_lines": 0, "percent_statements_covered": 100.0, "percent_statements_covered_display": "100"}, "missing_lines": [], "excluded_lines": [], "start_line": 368}, "clip_text": {"executed_lines": [381, 383, 385, 386, 388, 389, 390], "summary": {"covered_lines": 7, "num_statements": 10, "percent_covered": 70.0, "percent_covered_display": "70", "missing_lines": 3, "excluded_lines": 0, "percent_statements_covered": 70.0, "percent_statements_covered_display": "70"}, "missing_lines": [382, 384, 387], "excluded_lines": [], "start_line": 374}, "": {"executed_lines": [11, 13, 14, 15, 16, 17, 18, 19, 20, 22, 23, 24, 25, 30, 35, 38, 40, 41, 43, 44, 45, 46, 49, 50, 59, 70, 83, 91, 118, 121, 125, 140, 141, 143, 147, 150, 154, 171, 174, 185, 194, 213, 284, 301, 302, 305, 344, 345, 351, 368, 374], "summary": {"covered_lines": 51, "num_statements": 51, "percent_covered": 100.0, "percent_covered_display": "100", "missing_lines": 0, "excluded_lines": 0, "percent_statements_covered": 100.0, "percent_statements_covered_display": "100"}, "missing_lines": [], "excluded_lines": [], "start_line": 1}}, "classes": {"SecurityHeadersMiddleware": {"executed_lines": [92, 93, 94, 95, 96, 97, 101, 102, 103, 108, 112, 113], "summary": {"covered_lines": 12, "num_statements": 15, "percent_covered": 80.0, "percent_covered_display": "80", "missing_lines": 3, "excluded_lines": 0, "percent_statements_covered": 80.0, "percent_statements_covered_display": "80"}, "missing_lines": [104, 109, 110], "excluded_lines": [], "start_line": 59}, "BodyLimitMiddleware": {"executed_lines": [122, 123, 126, 127, 128, 129, 135], "summary": {"covered_lines": 7, "num_statements": 10, "percent_covered": 70.0, "percent_covered_display": "70", "missing_lines": 3, "excluded_lines": 0, "percent_statements_covered": 70.0, "percent_statements_covered_display": "70"}, "missing_lines": [130, 133, 134], "excluded_lines": [], "start_line": 118}, "_Bucket": {"executed_lines": [144], "summary": {"covered_lines": 1, "num_statements": 1, "percent_covered": 100.0, "percent_covered_display": "100", "missing_lines": 0, "excluded_lines": 0, "percent_statements_covered": 100.0, "percent_statements_covered_display": "100"}, "missing_lines": [], "excluded_lines": [], "start_line": 140}, "InMemoryRateLimiter": {"executed_lines": [151, 152, 155, 156, 157, 158, 159, 161, 168], "summary": {"covered_lines": 9, "num_statements": 12, "percent_covered": 75.0, "percent_covered_display": "75", "missing_lines": 3, "excluded_lines": 0, "percent_statements_covered": 75.0, "percent_statements_covered_display": "75"}, "missing_lines": [160, 162, 163], "excluded_lines": [], "start_line": 147}, "": {"executed_lines": [11, 13, 14, 15, 16, 17, 18, 19, 20, 22, 23, 24, 25, 30, 35, 38, 40, 41, 43, 44, 45, 46, 49, 50, 59, 70, 83, 91, 118, 121, 125, 140, 141, 143, 147, 150, 154, 171, 174, 178, 182, 185, 187, 194, 196, 198, 200, 201, 202, 204, 206, 210, 213, 234, 236, 237, 238, 239, 240, 241, 242, 243, 244, 245, 246, 248, 250, 253, 254, 255, 256, 257, 259, 262, 263, 264, 268, 269, 270, 271, 272, 273, 278, 279, 284, 301, 302, 305, 309, 311, 312, 316, 323, 331, 336, 344, 345, 351, 354, 356, 357, 362, 363, 364, 365, 368, 369, 374, 381, 383, 385, 386, 388, 389, 390], "summary": {"covered_lines": 115, "num_statements": 151, "percent_covered": 76.15894039735099, "percent_covered_display": "76", "missing_lines": 36, "excluded_lines": 0, "percent_statements_covered": 76.15894039735099, "percent_statements_covered_display": "76"}, "missing_lines": [179, 180, 181, 197, 199, 203, 205, 207, 208, 209, 247, 251, 265, 266, 274, 275, 276, 280, 281, 289, 290, 291, 292, 293, 294, 295, 296, 310, 319, 332, 337, 355, 358, 382, 384, 387], "excluded_lines": [], "start_line": 1}}}, "backend\\tests\\conftest.py": {"executed_lines": [3, 5, 8, 13, 15, 18, 19, 21, 23, 24, 25, 28, 29, 31, 32, 33, 35, 37, 39, 41, 44, 45, 47], "summary": {"covered_lines": 23, "num_statements": 23, "percent_covered": 100.0, "percent_covered_display": "100", "missing_lines": 0, "excluded_lines": 0, "percent_statements_covered": 100.0, "percent_statements_covered_display": "100"}, "missing_lines": [], "excluded_lines": [], "functions": {"_clear_rate_limits": {"executed_lines": [21, 23, 24, 25], "summary": {"covered_lines": 4, "num_statements": 4, "percent_covered": 100.0, "percent_covered_display": "100", "missing_lines": 0, "excluded_lines": 0, "percent_statements_covered": 100.0, "percent_statements_covered_display": "100"}, "missing_lines": [], "excluded_lines": [], "start_line": 19}, "client": {"executed_lines": [31, 32, 33, 35, 37, 39, 41], "summary": {"covered_lines": 7, "num_statements": 7, "percent_covered": 100.0, "percent_covered_display": "100", "missing_lines": 0, "excluded_lines": 0, "percent_statements_covered": 100.0, "percent_statements_covered_display": "100"}, "missing_lines": [], "excluded_lines": [], "start_line": 29}, "strong_password": {"executed_lines": [47], "summary": {"covered_lines": 1, "num_statements": 1, "percent_covered": 100.0, "percent_covered_display": "100", "missing_lines": 0, "excluded_lines": 0, "percent_statements_covered": 100.0, "percent_statements_covered_display": "100"}, "missing_lines": [], "excluded_lines": [], "start_line": 45}, "": {"executed_lines": [3, 5, 8, 13, 15, 18, 19, 28, 29, 44, 45], "summary": {"covered_lines": 11, "num_statements": 11, "percent_covered": 100.0, "percent_covered_display": "100", "missing_lines": 0, "excluded_lines": 0, "percent_statements_covered": 100.0, "percent_statements_covered_display": "100"}, "missing_lines": [], "excluded_lines": [], "start_line": 1}}, "classes": {"": {"executed_lines": [3, 5, 8, 13, 15, 18, 19, 21, 23, 24, 25, 28, 29, 31, 32, 33, 35, 37, 39, 41, 44, 45, 47], "summary": {"covered_lines": 23, "num_statements": 23, "percent_covered": 100.0, "percent_covered_display": "100", "missing_lines": 0, "excluded_lines": 0, "percent_statements_covered": 100.0, "percent_statements_covered_display": "100"}, "missing_lines": [], "excluded_lines": [], "start_line": 1}}}, "backend\\tests\\test_auth_api.py": {"executed_lines": [3, 5, 8, 15, 24, 25, 26, 27, 28, 31, 32, 34, 38, 39, 41, 45, 46, 49, 50, 51, 54, 55, 64, 67, 68, 69, 77], "summary": {"covered_lines": 27, "num_statements": 27, "percent_covered": 100.0, "percent_covered_display": "100", "missing_lines": 0, "excluded_lines": 0, "percent_statements_covered": 100.0, "percent_statements_covered_display": "100"}, "missing_lines": [], "excluded_lines": [], "functions": {"_register": {"executed_lines": [15, 24, 25, 26, 27, 28], "summary": {"covered_lines": 6, "num_statements": 6, "percent_covered": 100.0, "percent_covered_display": "100", "missing_lines": 0, "excluded_lines": 0, "percent_statements_covered": 100.0, "percent_statements_covered_display": "100"}, "missing_lines": [], "excluded_lines": [], "start_line": 8}, "test_register_login_me": {"executed_lines": [32, 34, 38, 39, 41, 45, 46], "summary": {"covered_lines": 7, "num_statements": 7, "percent_covered": 100.0, "percent_covered_display": "100", "missing_lines": 0, "excluded_lines": 0, "percent_statements_covered": 100.0, "percent_statements_covered_display": "100"}, "missing_lines": [], "excluded_lines": [], "start_line": 31}, "test_me_without_token_returns_401": {"executed_lines": [50, 51], "summary": {"covered_lines": 2, "num_statements": 2, "percent_covered": 100.0, "percent_covered_display": "100", "missing_lines": 0, "excluded_lines": 0, "percent_statements_covered": 100.0, "percent_statements_covered_display": "100"}, "missing_lines": [], "excluded_lines": [], "start_line": 49}, "test_register_weak_password": {"executed_lines": [55, 64], "summary": {"covered_lines": 2, "num_statements": 2, "percent_covered": 100.0, "percent_covered_display": "100", "missing_lines": 0, "excluded_lines": 0, "percent_statements_covered": 100.0, "percent_statements_covered_display": "100"}, "missing_lines": [], "excluded_lines": [], "start_line": 54}, "test_register_duplicate_username": {"executed_lines": [68, 69, 77], "summary": {"covered_lines": 3, "num_statements": 3, "percent_covered": 100.0, "percent_covered_display": "100", "missing_lines": 0, "excluded_lines": 0, "percent_statements_covered": 100.0, "percent_statements_covered_display": "100"}, "missing_lines": [], "excluded_lines": [], "start_line": 67}, "": {"executed_lines": [3, 5, 8, 31, 49, 54, 67], "summary": {"covered_lines": 7, "num_statements": 7, "percent_covered": 100.0, "percent_covered_display": "100", "missing_lines": 0, "excluded_lines": 0, "percent_statements_covered": 100.0, "percent_statements_covered_display": "100"}, "missing_lines": [], "excluded_lines": [], "start_line": 1}}, "classes": {"": {"executed_lines": [3, 5, 8, 15, 24, 25, 26, 27, 28, 31, 32, 34, 38, 39, 41, 45, 46, 49, 50, 51, 54, 55, 64, 67, 68, 69, 77], "summary": {"covered_lines": 27, "num_statements": 27, "percent_covered": 100.0, "percent_covered_display": "100", "missing_lines": 0, "excluded_lines": 0, "percent_statements_covered": 100.0, "percent_statements_covered_display": "100"}, "missing_lines": [], "excluded_lines": [], "start_line": 1}}}, "backend\\tests\\test_health_and_headers.py": {"executed_lines": [3, 6, 7, 8, 9, 12, 13, 14, 15, 16], "summary": {"covered_lines": 10, "num_statements": 10, "percent_covered": 100.0, "percent_covered_display": "100", "missing_lines": 0, "excluded_lines": 0, "percent_statements_covered": 100.0, "percent_statements_covered_display": "100"}, "missing_lines": [], "excluded_lines": [], "functions": {"test_healthz": {"executed_lines": [7, 8, 9], "summary": {"covered_lines": 3, "num_statements": 3, "percent_covered": 100.0, "percent_covered_display": "100", "missing_lines": 0, "excluded_lines": 0, "percent_statements_covered": 100.0, "percent_statements_covered_display": "100"}, "missing_lines": [], "excluded_lines": [], "start_line": 6}, "test_security_headers_on_healthz": {"executed_lines": [13, 14, 15, 16], "summary": {"covered_lines": 4, "num_statements": 4, "percent_covered": 100.0, "percent_covered_display": "100", "missing_lines": 0, "excluded_lines": 0, "percent_statements_covered": 100.0, "percent_statements_covered_display": "100"}, "missing_lines": [], "excluded_lines": [], "start_line": 12}, "": {"executed_lines": [3, 6, 12], "summary": {"covered_lines": 3, "num_statements": 3, "percent_covered": 100.0, "percent_covered_display": "100", "missing_lines": 0, "excluded_lines": 0, "percent_statements_covered": 100.0, "percent_statements_covered_display": "100"}, "missing_lines": [], "excluded_lines": [], "start_line": 1}}, "classes": {"": {"executed_lines": [3, 6, 7, 8, 9, 12, 13, 14, 15, 16], "summary": {"covered_lines": 10, "num_statements": 10, "percent_covered": 100.0, "percent_covered_display": "100", "missing_lines": 0, "excluded_lines": 0, "percent_statements_covered": 100.0, "percent_statements_covered_display": "100"}, "missing_lines": [], "excluded_lines": [], "start_line": 1}}}, "backend\\tests\\test_security.py": {"executed_lines": [3, 5, 6, 8, 9, 10, 12, 16, 22, 23, 24, 25, 28, 29, 32, 33, 36, 37, 38, 39, 42, 43, 46, 47, 51, 52, 53, 56, 57, 61, 62, 63], "summary": {"covered_lines": 32, "num_statements": 32, "percent_covered": 100.0, "percent_covered_display": "100", "missing_lines": 0, "excluded_lines": 0, "percent_statements_covered": 100.0, "percent_statements_covered_display": "100"}, "missing_lines": [], "excluded_lines": [], "functions": {"test_validate_password_rejects_short": {"executed_lines": [23, 24, 25], "summary": {"covered_lines": 3, "num_statements": 3, "percent_covered": 100.0, "percent_covered_display": "100", "missing_lines": 0, "excluded_lines": 0, "percent_statements_covered": 100.0, "percent_statements_covered_display": "100"}, "missing_lines": [], "excluded_lines": [], "start_line": 22}, "test_validate_password_accepts_strong": {"executed_lines": [29], "summary": {"covered_lines": 1, "num_statements": 1, "percent_covered": 100.0, "percent_covered_display": "100", "missing_lines": 0, "excluded_lines": 0, "percent_statements_covered": 100.0, "percent_statements_covered_display": "100"}, "missing_lines": [], "excluded_lines": [], "start_line": 28}, "test_normalize_username_lowercase": {"executed_lines": [33], "summary": {"covered_lines": 1, "num_statements": 1, "percent_covered": 100.0, "percent_covered_display": "100", "missing_lines": 0, "excluded_lines": 0, "percent_statements_covered": 100.0, "percent_statements_covered_display": "100"}, "missing_lines": [], "excluded_lines": [], "start_line": 32}, "test_normalize_username_rejects_reserved": {"executed_lines": [37, 38, 39], "summary": {"covered_lines": 3, "num_statements": 3, "percent_covered": 100.0, "percent_covered_display": "100", "missing_lines": 0, "excluded_lines": 0, "percent_statements_covered": 100.0, "percent_statements_covered_display": "100"}, "missing_lines": [], "excluded_lines": [], "start_line": 36}, "test_clip_text_truncates": {"executed_lines": [43], "summary": {"covered_lines": 1, "num_statements": 1, "percent_covered": 100.0, "percent_covered_display": "100", "missing_lines": 0, "excluded_lines": 0, "percent_statements_covered": 100.0, "percent_statements_covered_display": "100"}, "missing_lines": [], "excluded_lines": [], "start_line": 42}, "test_save_uploaded_image_accepts_png": {"executed_lines": [47, 51, 52, 53], "summary": {"covered_lines": 4, "num_statements": 4, "percent_covered": 100.0, "percent_covered_display": "100", "missing_lines": 0, "excluded_lines": 0, "percent_statements_covered": 100.0, "percent_statements_covered_display": "100"}, "missing_lines": [], "excluded_lines": [], "start_line": 46}, "test_save_uploaded_image_rejects_garbage": {"executed_lines": [57, 61, 62, 63], "summary": {"covered_lines": 4, "num_statements": 4, "percent_covered": 100.0, "percent_covered_display": "100", "missing_lines": 0, "excluded_lines": 0, "percent_statements_covered": 100.0, "percent_statements_covered_display": "100"}, "missing_lines": [], "excluded_lines": [], "start_line": 56}, "": {"executed_lines": [3, 5, 6, 8, 9, 10, 12, 16, 22, 28, 32, 36, 42, 46, 56], "summary": {"covered_lines": 15, "num_statements": 15, "percent_covered": 100.0, "percent_covered_display": "100", "missing_lines": 0, "excluded_lines": 0, "percent_statements_covered": 100.0, "percent_statements_covered_display": "100"}, "missing_lines": [], "excluded_lines": [], "start_line": 1}}, "classes": {"": {"executed_lines": [3, 5, 6, 8, 9, 10, 12, 16, 22, 23, 24, 25, 28, 29, 32, 33, 36, 37, 38, 39, 42, 43, 46, 47, 51, 52, 53, 56, 57, 61, 62, 63], "summary": {"covered_lines": 32, "num_statements": 32, "percent_covered": 100.0, "percent_covered_display": "100", "missing_lines": 0, "excluded_lines": 0, "percent_statements_covered": 100.0, "percent_statements_covered_display": "100"}, "missing_lines": [], "excluded_lines": [], "start_line": 1}}}}, "totals": {"covered_lines": 1152, "num_statements": 4705, "percent_covered": 24.484590860786398, "percent_covered_display": "24", "missing_lines": 3553, "excluded_lines": 0, "percent_statements_covered": 24.484590860786398, "percent_statements_covered_display": "24"}}